<?xml version="1.0" encoding="UTF-8"?>
<testsuite xmlns:xsi="http://www.w3.org/2001/XMLSchema-instance" xsi:noNamespaceSchemaLocation="https://maven.apache.org/surefire/maven-surefire-plugin/xsd/surefire-test-report-3.0.xsd" version="3.0" name="com.gymhub.gymhub.GymhubApplicationTests" time="8.447" tests="1" errors="0" skipped="0" failures="0">
  <properties>
    <property name="java.specification.version" value="17"/>
    <property name="sun.jnu.encoding" value="UTF-8"/>
    <property name="java.class.path" value="/Users/nguyenhuynhquang2909/Documents/gymhub-server/target/test-classes:/Users/nguyenhuynhquang2909/Documents/gymhub-server/target/classes:/Users/nguyenhuynhquang2909/.m2/repository/org/springframework/boot/spring-boot-devtools/3.3.1/spring-boot-devtools-3.3.1.jar:/Users/nguyenhuynhquang2909/.m2/repository/org/springframework/boot/spring-boot/3.3.1/spring-boot-3.3.1.jar:/Users/nguyenhuynhquang2909/.m2/repository/org/springframework/spring-context/6.1.10/spring-context-6.1.10.jar:/Users/nguyenhuynhquang2909/.m2/repository/org/springframework/boot/spring-boot-autoconfigure/3.3.1/spring-boot-autoconfigure-3.3.1.jar:/Users/nguyenhuynhquang2909/.m2/repository/org/springframework/boot/spring-boot-starter-web/3.3.1/spring-boot-starter-web-3.3.1.jar:/Users/nguyenhuynhquang2909/.m2/repository/org/springframework/boot/spring-boot-starter/3.3.1/spring-boot-starter-3.3.1.jar:/Users/nguyenhuynhquang2909/.m2/repository/org/springframework/boot/spring-boot-starter-logging/3.3.1/spring-boot-starter-logging-3.3.1.jar:/Users/nguyenhuynhquang2909/.m2/repository/ch/qos/logback/logback-classic/1.5.6/logback-classic-1.5.6.jar:/Users/nguyenhuynhquang2909/.m2/repository/ch/qos/logback/logback-core/1.5.6/logback-core-1.5.6.jar:/Users/nguyenhuynhquang2909/.m2/repository/org/apache/logging/log4j/log4j-to-slf4j/2.23.1/log4j-to-slf4j-2.23.1.jar:/Users/nguyenhuynhquang2909/.m2/repository/org/apache/logging/log4j/log4j-api/2.23.1/log4j-api-2.23.1.jar:/Users/nguyenhuynhquang2909/.m2/repository/org/slf4j/jul-to-slf4j/2.0.13/jul-to-slf4j-2.0.13.jar:/Users/nguyenhuynhquang2909/.m2/repository/jakarta/annotation/jakarta.annotation-api/2.1.1/jakarta.annotation-api-2.1.1.jar:/Users/nguyenhuynhquang2909/.m2/repository/org/yaml/snakeyaml/2.2/snakeyaml-2.2.jar:/Users/nguyenhuynhquang2909/.m2/repository/org/springframework/boot/spring-boot-starter-json/3.3.1/spring-boot-starter-json-3.3.1.jar:/Users/nguyenhuynhquang2909/.m2/repository/com/fasterxml/jackson/datatype/jackson-datatype-jdk8/2.17.1/jackson-datatype-jdk8-2.17.1.jar:/Users/nguyenhuynhquang2909/.m2/repository/com/fasterxml/jackson/datatype/jackson-datatype-jsr310/2.17.1/jackson-datatype-jsr310-2.17.1.jar:/Users/nguyenhuynhquang2909/.m2/repository/com/fasterxml/jackson/module/jackson-module-parameter-names/2.17.1/jackson-module-parameter-names-2.17.1.jar:/Users/nguyenhuynhquang2909/.m2/repository/org/springframework/boot/spring-boot-starter-tomcat/3.3.1/spring-boot-starter-tomcat-3.3.1.jar:/Users/nguyenhuynhquang2909/.m2/repository/org/apache/tomcat/embed/tomcat-embed-core/10.1.25/tomcat-embed-core-10.1.25.jar:/Users/nguyenhuynhquang2909/.m2/repository/org/apache/tomcat/embed/tomcat-embed-websocket/10.1.25/tomcat-embed-websocket-10.1.25.jar:/Users/nguyenhuynhquang2909/.m2/repository/org/springframework/spring-web/6.1.10/spring-web-6.1.10.jar:/Users/nguyenhuynhquang2909/.m2/repository/org/springframework/spring-beans/6.1.10/spring-beans-6.1.10.jar:/Users/nguyenhuynhquang2909/.m2/repository/io/micrometer/micrometer-observation/1.13.1/micrometer-observation-1.13.1.jar:/Users/nguyenhuynhquang2909/.m2/repository/io/micrometer/micrometer-commons/1.13.1/micrometer-commons-1.13.1.jar:/Users/nguyenhuynhquang2909/.m2/repository/org/springframework/spring-webmvc/6.1.10/spring-webmvc-6.1.10.jar:/Users/nguyenhuynhquang2909/.m2/repository/org/springframework/spring-expression/6.1.10/spring-expression-6.1.10.jar:/Users/nguyenhuynhquang2909/.m2/repository/org/hibernate/orm/hibernate-core/6.2.3.Final/hibernate-core-6.2.3.Final.jar:/Users/nguyenhuynhquang2909/.m2/repository/jakarta/persistence/jakarta.persistence-api/3.1.0/jakarta.persistence-api-3.1.0.jar:/Users/nguyenhuynhquang2909/.m2/repository/jakarta/transaction/jakarta.transaction-api/2.0.1/jakarta.transaction-api-2.0.1.jar:/Users/nguyenhuynhquang2909/.m2/repository/org/jboss/logging/jboss-logging/3.5.3.Final/jboss-logging-3.5.3.Final.jar:/Users/nguyenhuynhquang2909/.m2/repository/org/hibernate/common/hibernate-commons-annotations/6.0.6.Final/hibernate-commons-annotations-6.0.6.Final.jar:/Users/nguyenhuynhquang2909/.m2/repository/io/smallrye/jandex/3.0.5/jandex-3.0.5.jar:/Users/nguyenhuynhquang2909/.m2/repository/com/fasterxml/classmate/1.7.0/classmate-1.7.0.jar:/Users/nguyenhuynhquang2909/.m2/repository/net/bytebuddy/byte-buddy/1.14.17/byte-buddy-1.14.17.jar:/Users/nguyenhuynhquang2909/.m2/repository/jakarta/inject/jakarta.inject-api/2.0.1/jakarta.inject-api-2.0.1.jar:/Users/nguyenhuynhquang2909/.m2/repository/org/antlr/antlr4-runtime/4.10.1/antlr4-runtime-4.10.1.jar:/Users/nguyenhuynhquang2909/.m2/repository/org/projectlombok/lombok/1.18.32/lombok-1.18.32.jar:/Users/nguyenhuynhquang2909/.m2/repository/org/springframework/boot/spring-boot-starter-test/3.3.1/spring-boot-starter-test-3.3.1.jar:/Users/nguyenhuynhquang2909/.m2/repository/org/springframework/boot/spring-boot-test/3.3.1/spring-boot-test-3.3.1.jar:/Users/nguyenhuynhquang2909/.m2/repository/org/springframework/boot/spring-boot-test-autoconfigure/3.3.1/spring-boot-test-autoconfigure-3.3.1.jar:/Users/nguyenhuynhquang2909/.m2/repository/com/jayway/jsonpath/json-path/2.9.0/json-path-2.9.0.jar:/Users/nguyenhuynhquang2909/.m2/repository/org/slf4j/slf4j-api/2.0.13/slf4j-api-2.0.13.jar:/Users/nguyenhuynhquang2909/.m2/repository/net/minidev/json-smart/2.5.1/json-smart-2.5.1.jar:/Users/nguyenhuynhquang2909/.m2/repository/net/minidev/accessors-smart/2.5.1/accessors-smart-2.5.1.jar:/Users/nguyenhuynhquang2909/.m2/repository/org/ow2/asm/asm/9.6/asm-9.6.jar:/Users/nguyenhuynhquang2909/.m2/repository/org/assertj/assertj-core/3.25.3/assertj-core-3.25.3.jar:/Users/nguyenhuynhquang2909/.m2/repository/org/awaitility/awaitility/4.2.1/awaitility-4.2.1.jar:/Users/nguyenhuynhquang2909/.m2/repository/org/hamcrest/hamcrest/2.2/hamcrest-2.2.jar:/Users/nguyenhuynhquang2909/.m2/repository/org/junit/jupiter/junit-jupiter/5.10.2/junit-jupiter-5.10.2.jar:/Users/nguyenhuynhquang2909/.m2/repository/org/junit/jupiter/junit-jupiter-api/5.10.2/junit-jupiter-api-5.10.2.jar:/Users/nguyenhuynhquang2909/.m2/repository/org/opentest4j/opentest4j/1.3.0/opentest4j-1.3.0.jar:/Users/nguyenhuynhquang2909/.m2/repository/org/junit/platform/junit-platform-commons/1.10.2/junit-platform-commons-1.10.2.jar:/Users/nguyenhuynhquang2909/.m2/repository/org/apiguardian/apiguardian-api/1.1.2/apiguardian-api-1.1.2.jar:/Users/nguyenhuynhquang2909/.m2/repository/org/junit/jupiter/junit-jupiter-params/5.10.2/junit-jupiter-params-5.10.2.jar:/Users/nguyenhuynhquang2909/.m2/repository/org/junit/jupiter/junit-jupiter-engine/5.10.2/junit-jupiter-engine-5.10.2.jar:/Users/nguyenhuynhquang2909/.m2/repository/org/junit/platform/junit-platform-engine/1.10.2/junit-platform-engine-1.10.2.jar:/Users/nguyenhuynhquang2909/.m2/repository/org/mockito/mockito-core/5.11.0/mockito-core-5.11.0.jar:/Users/nguyenhuynhquang2909/.m2/repository/net/bytebuddy/byte-buddy-agent/1.14.17/byte-buddy-agent-1.14.17.jar:/Users/nguyenhuynhquang2909/.m2/repository/org/objenesis/objenesis/3.3/objenesis-3.3.jar:/Users/nguyenhuynhquang2909/.m2/repository/org/mockito/mockito-junit-jupiter/5.11.0/mockito-junit-jupiter-5.11.0.jar:/Users/nguyenhuynhquang2909/.m2/repository/org/skyscreamer/jsonassert/1.5.1/jsonassert-1.5.1.jar:/Users/nguyenhuynhquang2909/.m2/repository/com/vaadin/external/google/android-json/0.0.20131108.vaadin1/android-json-0.0.20131108.vaadin1.jar:/Users/nguyenhuynhquang2909/.m2/repository/org/springframework/spring-core/6.1.10/spring-core-6.1.10.jar:/Users/nguyenhuynhquang2909/.m2/repository/org/springframework/spring-jcl/6.1.10/spring-jcl-6.1.10.jar:/Users/nguyenhuynhquang2909/.m2/repository/org/springframework/spring-test/6.1.10/spring-test-6.1.10.jar:/Users/nguyenhuynhquang2909/.m2/repository/org/xmlunit/xmlunit-core/2.9.1/xmlunit-core-2.9.1.jar:/Users/nguyenhuynhquang2909/.m2/repository/com/google/code/gson/gson/2.10.1/gson-2.10.1.jar:/Users/nguyenhuynhquang2909/.m2/repository/jakarta/xml/bind/jakarta.xml.bind-api/4.0.2/jakarta.xml.bind-api-4.0.2.jar:/Users/nguyenhuynhquang2909/.m2/repository/jakarta/activation/jakarta.activation-api/2.1.3/jakarta.activation-api-2.1.3.jar:/Users/nguyenhuynhquang2909/.m2/repository/org/glassfish/jaxb/jaxb-runtime/4.0.2/jaxb-runtime-4.0.2.jar:/Users/nguyenhuynhquang2909/.m2/repository/org/glassfish/jaxb/jaxb-core/4.0.5/jaxb-core-4.0.5.jar:/Users/nguyenhuynhquang2909/.m2/repository/org/eclipse/angus/angus-activation/2.0.2/angus-activation-2.0.2.jar:/Users/nguyenhuynhquang2909/.m2/repository/org/glassfish/jaxb/txw2/4.0.5/txw2-4.0.5.jar:/Users/nguyenhuynhquang2909/.m2/repository/com/sun/istack/istack-commons-runtime/4.1.2/istack-commons-runtime-4.1.2.jar:/Users/nguyenhuynhquang2909/.m2/repository/io/lettuce/lettuce-core/6.3.2.RELEASE/lettuce-core-6.3.2.RELEASE.jar:/Users/nguyenhuynhquang2909/.m2/repository/io/netty/netty-common/4.1.111.Final/netty-common-4.1.111.Final.jar:/Users/nguyenhuynhquang2909/.m2/repository/io/netty/netty-handler/4.1.111.Final/netty-handler-4.1.111.Final.jar:/Users/nguyenhuynhquang2909/.m2/repository/io/netty/netty-resolver/4.1.111.Final/netty-resolver-4.1.111.Final.jar:/Users/nguyenhuynhquang2909/.m2/repository/io/netty/netty-buffer/4.1.111.Final/netty-buffer-4.1.111.Final.jar:/Users/nguyenhuynhquang2909/.m2/repository/io/netty/netty-transport-native-unix-common/4.1.111.Final/netty-transport-native-unix-common-4.1.111.Final.jar:/Users/nguyenhuynhquang2909/.m2/repository/io/netty/netty-codec/4.1.111.Final/netty-codec-4.1.111.Final.jar:/Users/nguyenhuynhquang2909/.m2/repository/io/netty/netty-transport/4.1.111.Final/netty-transport-4.1.111.Final.jar:/Users/nguyenhuynhquang2909/.m2/repository/io/projectreactor/reactor-core/3.6.7/reactor-core-3.6.7.jar:/Users/nguyenhuynhquang2909/.m2/repository/org/reactivestreams/reactive-streams/1.0.4/reactive-streams-1.0.4.jar:/Users/nguyenhuynhquang2909/.m2/repository/org/springframework/boot/spring-boot-starter-mail/3.3.1/spring-boot-starter-mail-3.3.1.jar:/Users/nguyenhuynhquang2909/.m2/repository/org/springframework/spring-context-support/6.1.10/spring-context-support-6.1.10.jar:/Users/nguyenhuynhquang2909/.m2/repository/org/eclipse/angus/jakarta.mail/2.0.3/jakarta.mail-2.0.3.jar:/Users/nguyenhuynhquang2909/.m2/repository/org/springframework/boot/spring-boot-starter-oauth2-client/3.3.1/spring-boot-starter-oauth2-client-3.3.1.jar:/Users/nguyenhuynhquang2909/.m2/repository/org/springframework/security/spring-security-config/6.3.1/spring-security-config-6.3.1.jar:/Users/nguyenhuynhquang2909/.m2/repository/org/springframework/security/spring-security-core/6.3.1/spring-security-core-6.3.1.jar:/Users/nguyenhuynhquang2909/.m2/repository/org/springframework/security/spring-security-crypto/6.3.1/spring-security-crypto-6.3.1.jar:/Users/nguyenhuynhquang2909/.m2/repository/org/springframework/security/spring-security-oauth2-client/6.3.1/spring-security-oauth2-client-6.3.1.jar:/Users/nguyenhuynhquang2909/.m2/repository/org/springframework/security/spring-security-oauth2-core/6.3.1/spring-security-oauth2-core-6.3.1.jar:/Users/nguyenhuynhquang2909/.m2/repository/com/nimbusds/oauth2-oidc-sdk/9.43.4/oauth2-oidc-sdk-9.43.4.jar:/Users/nguyenhuynhquang2909/.m2/repository/com/github/stephenc/jcip/jcip-annotations/1.0-1/jcip-annotations-1.0-1.jar:/Users/nguyenhuynhquang2909/.m2/repository/com/nimbusds/content-type/2.2/content-type-2.2.jar:/Users/nguyenhuynhquang2909/.m2/repository/com/nimbusds/lang-tag/1.7/lang-tag-1.7.jar:/Users/nguyenhuynhquang2909/.m2/repository/org/springframework/security/spring-security-oauth2-jose/6.3.1/spring-security-oauth2-jose-6.3.1.jar:/Users/nguyenhuynhquang2909/.m2/repository/com/nimbusds/nimbus-jose-jwt/9.37.3/nimbus-jose-jwt-9.37.3.jar:/Users/nguyenhuynhquang2909/.m2/repository/org/springframework/boot/spring-boot-starter-security/3.3.1/spring-boot-starter-security-3.3.1.jar:/Users/nguyenhuynhquang2909/.m2/repository/org/springframework/spring-aop/6.1.10/spring-aop-6.1.10.jar:/Users/nguyenhuynhquang2909/.m2/repository/org/springframework/security/spring-security-web/6.3.1/spring-security-web-6.3.1.jar:/Users/nguyenhuynhquang2909/.m2/repository/org/springframework/boot/spring-boot-starter-validation/3.3.1/spring-boot-starter-validation-3.3.1.jar:/Users/nguyenhuynhquang2909/.m2/repository/org/apache/tomcat/embed/tomcat-embed-el/10.1.25/tomcat-embed-el-10.1.25.jar:/Users/nguyenhuynhquang2909/.m2/repository/org/hibernate/validator/hibernate-validator/8.0.1.Final/hibernate-validator-8.0.1.Final.jar:/Users/nguyenhuynhquang2909/.m2/repository/jakarta/validation/jakarta.validation-api/3.0.2/jakarta.validation-api-3.0.2.jar:/Users/nguyenhuynhquang2909/.m2/repository/org/springframework/session/spring-session-data-redis/3.3.1/spring-session-data-redis-3.3.1.jar:/Users/nguyenhuynhquang2909/.m2/repository/org/springframework/session/spring-session-core/3.3.1/spring-session-core-3.3.1.jar:/Users/nguyenhuynhquang2909/.m2/repository/org/springframework/data/spring-data-redis/3.3.1/spring-data-redis-3.3.1.jar:/Users/nguyenhuynhquang2909/.m2/repository/org/springframework/data/spring-data-keyvalue/3.3.1/spring-data-keyvalue-3.3.1.jar:/Users/nguyenhuynhquang2909/.m2/repository/org/springframework/spring-tx/6.1.10/spring-tx-6.1.10.jar:/Users/nguyenhuynhquang2909/.m2/repository/org/springframework/spring-oxm/6.1.10/spring-oxm-6.1.10.jar:/Users/nguyenhuynhquang2909/.m2/repository/org/postgresql/postgresql/42.7.3/postgresql-42.7.3.jar:/Users/nguyenhuynhquang2909/.m2/repository/org/checkerframework/checker-qual/3.42.0/checker-qual-3.42.0.jar:/Users/nguyenhuynhquang2909/.m2/repository/org/springframework/security/spring-security-test/6.3.1/spring-security-test-6.3.1.jar:/Users/nguyenhuynhquang2909/.m2/repository/org/springframework/boot/spring-boot-starter-data-jpa/3.3.1/spring-boot-starter-data-jpa-3.3.1.jar:/Users/nguyenhuynhquang2909/.m2/repository/org/springframework/boot/spring-boot-starter-aop/3.3.1/spring-boot-starter-aop-3.3.1.jar:/Users/nguyenhuynhquang2909/.m2/repository/org/aspectj/aspectjweaver/1.9.22/aspectjweaver-1.9.22.jar:/Users/nguyenhuynhquang2909/.m2/repository/org/springframework/boot/spring-boot-starter-jdbc/3.3.1/spring-boot-starter-jdbc-3.3.1.jar:/Users/nguyenhuynhquang2909/.m2/repository/com/zaxxer/HikariCP/5.1.0/HikariCP-5.1.0.jar:/Users/nguyenhuynhquang2909/.m2/repository/org/springframework/spring-jdbc/6.1.10/spring-jdbc-6.1.10.jar:/Users/nguyenhuynhquang2909/.m2/repository/org/springframework/data/spring-data-jpa/3.3.1/spring-data-jpa-3.3.1.jar:/Users/nguyenhuynhquang2909/.m2/repository/org/springframework/data/spring-data-commons/3.3.1/spring-data-commons-3.3.1.jar:/Users/nguyenhuynhquang2909/.m2/repository/org/springframework/spring-orm/6.1.10/spring-orm-6.1.10.jar:/Users/nguyenhuynhquang2909/.m2/repository/org/springframework/spring-aspects/6.1.10/spring-aspects-6.1.10.jar:/Users/nguyenhuynhquang2909/.m2/repository/org/springdoc/springdoc-openapi-starter-webmvc-ui/2.6.0/springdoc-openapi-starter-webmvc-ui-2.6.0.jar:/Users/nguyenhuynhquang2909/.m2/repository/org/springdoc/springdoc-openapi-starter-webmvc-api/2.6.0/springdoc-openapi-starter-webmvc-api-2.6.0.jar:/Users/nguyenhuynhquang2909/.m2/repository/org/springdoc/springdoc-openapi-starter-common/2.6.0/springdoc-openapi-starter-common-2.6.0.jar:/Users/nguyenhuynhquang2909/.m2/repository/io/swagger/core/v3/swagger-core-jakarta/2.2.22/swagger-core-jakarta-2.2.22.jar:/Users/nguyenhuynhquang2909/.m2/repository/org/apache/commons/commons-lang3/3.14.0/commons-lang3-3.14.0.jar:/Users/nguyenhuynhquang2909/.m2/repository/io/swagger/core/v3/swagger-annotations-jakarta/2.2.22/swagger-annotations-jakarta-2.2.22.jar:/Users/nguyenhuynhquang2909/.m2/repository/io/swagger/core/v3/swagger-models-jakarta/2.2.22/swagger-models-jakarta-2.2.22.jar:/Users/nguyenhuynhquang2909/.m2/repository/com/fasterxml/jackson/dataformat/jackson-dataformat-yaml/2.17.1/jackson-dataformat-yaml-2.17.1.jar:/Users/nguyenhuynhquang2909/.m2/repository/org/webjars/swagger-ui/5.17.14/swagger-ui-5.17.14.jar:/Users/nguyenhuynhquang2909/.m2/repository/io/jsonwebtoken/jjwt-api/0.11.2/jjwt-api-0.11.2.jar:/Users/nguyenhuynhquang2909/.m2/repository/io/jsonwebtoken/jjwt-impl/0.11.2/jjwt-impl-0.11.2.jar:/Users/nguyenhuynhquang2909/.m2/repository/io/jsonwebtoken/jjwt-jackson/0.11.2/jjwt-jackson-0.11.2.jar:/Users/nguyenhuynhquang2909/.m2/repository/com/fasterxml/jackson/core/jackson-databind/2.17.1/jackson-databind-2.17.1.jar:/Users/nguyenhuynhquang2909/.m2/repository/com/fasterxml/jackson/core/jackson-annotations/2.17.1/jackson-annotations-2.17.1.jar:/Users/nguyenhuynhquang2909/.m2/repository/com/fasterxml/jackson/core/jackson-core/2.17.1/jackson-core-2.17.1.jar:"/>
    <property name="java.vm.vendor" value="Oracle Corporation"/>
    <property name="sun.arch.data.model" value="64"/>
    <property name="java.vendor.url" value="https://java.oracle.com/"/>
    <property name="user.timezone" value="Asia/Ho_Chi_Minh"/>
    <property name="org.jboss.logging.provider" value="slf4j"/>
    <property name="os.name" value="Mac OS X"/>
    <property name="java.vm.specification.version" value="17"/>
    <property name="sun.java.launcher" value="SUN_STANDARD"/>
    <property name="user.country" value="VN"/>
    <property name="sun.boot.library.path" value="/Users/nguyenhuynhquang2909/.sdkman/candidates/java/17.0.1-open/lib"/>
    <property name="sun.java.command" value="/Users/nguyenhuynhquang2909/Documents/gymhub-server/target/surefire/surefirebooter-20240915162124169_3.jar /Users/nguyenhuynhquang2909/Documents/gymhub-server/target/surefire 2024-09-15T16-21-23_668-jvmRun1 surefire-20240915162124169_1tmp surefire_0-20240915162124169_2tmp"/>
    <property name="http.nonProxyHosts" value="local|*.local|169.254/16|*.169.254/16"/>
    <property name="jdk.debug" value="release"/>
    <property name="surefire.test.class.path" value="/Users/nguyenhuynhquang2909/Documents/gymhub-server/target/test-classes:/Users/nguyenhuynhquang2909/Documents/gymhub-server/target/classes:/Users/nguyenhuynhquang2909/.m2/repository/org/springframework/boot/spring-boot-devtools/3.3.1/spring-boot-devtools-3.3.1.jar:/Users/nguyenhuynhquang2909/.m2/repository/org/springframework/boot/spring-boot/3.3.1/spring-boot-3.3.1.jar:/Users/nguyenhuynhquang2909/.m2/repository/org/springframework/spring-context/6.1.10/spring-context-6.1.10.jar:/Users/nguyenhuynhquang2909/.m2/repository/org/springframework/boot/spring-boot-autoconfigure/3.3.1/spring-boot-autoconfigure-3.3.1.jar:/Users/nguyenhuynhquang2909/.m2/repository/org/springframework/boot/spring-boot-starter-web/3.3.1/spring-boot-starter-web-3.3.1.jar:/Users/nguyenhuynhquang2909/.m2/repository/org/springframework/boot/spring-boot-starter/3.3.1/spring-boot-starter-3.3.1.jar:/Users/nguyenhuynhquang2909/.m2/repository/org/springframework/boot/spring-boot-starter-logging/3.3.1/spring-boot-starter-logging-3.3.1.jar:/Users/nguyenhuynhquang2909/.m2/repository/ch/qos/logback/logback-classic/1.5.6/logback-classic-1.5.6.jar:/Users/nguyenhuynhquang2909/.m2/repository/ch/qos/logback/logback-core/1.5.6/logback-core-1.5.6.jar:/Users/nguyenhuynhquang2909/.m2/repository/org/apache/logging/log4j/log4j-to-slf4j/2.23.1/log4j-to-slf4j-2.23.1.jar:/Users/nguyenhuynhquang2909/.m2/repository/org/apache/logging/log4j/log4j-api/2.23.1/log4j-api-2.23.1.jar:/Users/nguyenhuynhquang2909/.m2/repository/org/slf4j/jul-to-slf4j/2.0.13/jul-to-slf4j-2.0.13.jar:/Users/nguyenhuynhquang2909/.m2/repository/jakarta/annotation/jakarta.annotation-api/2.1.1/jakarta.annotation-api-2.1.1.jar:/Users/nguyenhuynhquang2909/.m2/repository/org/yaml/snakeyaml/2.2/snakeyaml-2.2.jar:/Users/nguyenhuynhquang2909/.m2/repository/org/springframework/boot/spring-boot-starter-json/3.3.1/spring-boot-starter-json-3.3.1.jar:/Users/nguyenhuynhquang2909/.m2/repository/com/fasterxml/jackson/datatype/jackson-datatype-jdk8/2.17.1/jackson-datatype-jdk8-2.17.1.jar:/Users/nguyenhuynhquang2909/.m2/repository/com/fasterxml/jackson/datatype/jackson-datatype-jsr310/2.17.1/jackson-datatype-jsr310-2.17.1.jar:/Users/nguyenhuynhquang2909/.m2/repository/com/fasterxml/jackson/module/jackson-module-parameter-names/2.17.1/jackson-module-parameter-names-2.17.1.jar:/Users/nguyenhuynhquang2909/.m2/repository/org/springframework/boot/spring-boot-starter-tomcat/3.3.1/spring-boot-starter-tomcat-3.3.1.jar:/Users/nguyenhuynhquang2909/.m2/repository/org/apache/tomcat/embed/tomcat-embed-core/10.1.25/tomcat-embed-core-10.1.25.jar:/Users/nguyenhuynhquang2909/.m2/repository/org/apache/tomcat/embed/tomcat-embed-websocket/10.1.25/tomcat-embed-websocket-10.1.25.jar:/Users/nguyenhuynhquang2909/.m2/repository/org/springframework/spring-web/6.1.10/spring-web-6.1.10.jar:/Users/nguyenhuynhquang2909/.m2/repository/org/springframework/spring-beans/6.1.10/spring-beans-6.1.10.jar:/Users/nguyenhuynhquang2909/.m2/repository/io/micrometer/micrometer-observation/1.13.1/micrometer-observation-1.13.1.jar:/Users/nguyenhuynhquang2909/.m2/repository/io/micrometer/micrometer-commons/1.13.1/micrometer-commons-1.13.1.jar:/Users/nguyenhuynhquang2909/.m2/repository/org/springframework/spring-webmvc/6.1.10/spring-webmvc-6.1.10.jar:/Users/nguyenhuynhquang2909/.m2/repository/org/springframework/spring-expression/6.1.10/spring-expression-6.1.10.jar:/Users/nguyenhuynhquang2909/.m2/repository/org/hibernate/orm/hibernate-core/6.2.3.Final/hibernate-core-6.2.3.Final.jar:/Users/nguyenhuynhquang2909/.m2/repository/jakarta/persistence/jakarta.persistence-api/3.1.0/jakarta.persistence-api-3.1.0.jar:/Users/nguyenhuynhquang2909/.m2/repository/jakarta/transaction/jakarta.transaction-api/2.0.1/jakarta.transaction-api-2.0.1.jar:/Users/nguyenhuynhquang2909/.m2/repository/org/jboss/logging/jboss-logging/3.5.3.Final/jboss-logging-3.5.3.Final.jar:/Users/nguyenhuynhquang2909/.m2/repository/org/hibernate/common/hibernate-commons-annotations/6.0.6.Final/hibernate-commons-annotations-6.0.6.Final.jar:/Users/nguyenhuynhquang2909/.m2/repository/io/smallrye/jandex/3.0.5/jandex-3.0.5.jar:/Users/nguyenhuynhquang2909/.m2/repository/com/fasterxml/classmate/1.7.0/classmate-1.7.0.jar:/Users/nguyenhuynhquang2909/.m2/repository/net/bytebuddy/byte-buddy/1.14.17/byte-buddy-1.14.17.jar:/Users/nguyenhuynhquang2909/.m2/repository/jakarta/inject/jakarta.inject-api/2.0.1/jakarta.inject-api-2.0.1.jar:/Users/nguyenhuynhquang2909/.m2/repository/org/antlr/antlr4-runtime/4.10.1/antlr4-runtime-4.10.1.jar:/Users/nguyenhuynhquang2909/.m2/repository/org/projectlombok/lombok/1.18.32/lombok-1.18.32.jar:/Users/nguyenhuynhquang2909/.m2/repository/org/springframework/boot/spring-boot-starter-test/3.3.1/spring-boot-starter-test-3.3.1.jar:/Users/nguyenhuynhquang2909/.m2/repository/org/springframework/boot/spring-boot-test/3.3.1/spring-boot-test-3.3.1.jar:/Users/nguyenhuynhquang2909/.m2/repository/org/springframework/boot/spring-boot-test-autoconfigure/3.3.1/spring-boot-test-autoconfigure-3.3.1.jar:/Users/nguyenhuynhquang2909/.m2/repository/com/jayway/jsonpath/json-path/2.9.0/json-path-2.9.0.jar:/Users/nguyenhuynhquang2909/.m2/repository/org/slf4j/slf4j-api/2.0.13/slf4j-api-2.0.13.jar:/Users/nguyenhuynhquang2909/.m2/repository/net/minidev/json-smart/2.5.1/json-smart-2.5.1.jar:/Users/nguyenhuynhquang2909/.m2/repository/net/minidev/accessors-smart/2.5.1/accessors-smart-2.5.1.jar:/Users/nguyenhuynhquang2909/.m2/repository/org/ow2/asm/asm/9.6/asm-9.6.jar:/Users/nguyenhuynhquang2909/.m2/repository/org/assertj/assertj-core/3.25.3/assertj-core-3.25.3.jar:/Users/nguyenhuynhquang2909/.m2/repository/org/awaitility/awaitility/4.2.1/awaitility-4.2.1.jar:/Users/nguyenhuynhquang2909/.m2/repository/org/hamcrest/hamcrest/2.2/hamcrest-2.2.jar:/Users/nguyenhuynhquang2909/.m2/repository/org/junit/jupiter/junit-jupiter/5.10.2/junit-jupiter-5.10.2.jar:/Users/nguyenhuynhquang2909/.m2/repository/org/junit/jupiter/junit-jupiter-api/5.10.2/junit-jupiter-api-5.10.2.jar:/Users/nguyenhuynhquang2909/.m2/repository/org/opentest4j/opentest4j/1.3.0/opentest4j-1.3.0.jar:/Users/nguyenhuynhquang2909/.m2/repository/org/junit/platform/junit-platform-commons/1.10.2/junit-platform-commons-1.10.2.jar:/Users/nguyenhuynhquang2909/.m2/repository/org/apiguardian/apiguardian-api/1.1.2/apiguardian-api-1.1.2.jar:/Users/nguyenhuynhquang2909/.m2/repository/org/junit/jupiter/junit-jupiter-params/5.10.2/junit-jupiter-params-5.10.2.jar:/Users/nguyenhuynhquang2909/.m2/repository/org/junit/jupiter/junit-jupiter-engine/5.10.2/junit-jupiter-engine-5.10.2.jar:/Users/nguyenhuynhquang2909/.m2/repository/org/junit/platform/junit-platform-engine/1.10.2/junit-platform-engine-1.10.2.jar:/Users/nguyenhuynhquang2909/.m2/repository/org/mockito/mockito-core/5.11.0/mockito-core-5.11.0.jar:/Users/nguyenhuynhquang2909/.m2/repository/net/bytebuddy/byte-buddy-agent/1.14.17/byte-buddy-agent-1.14.17.jar:/Users/nguyenhuynhquang2909/.m2/repository/org/objenesis/objenesis/3.3/objenesis-3.3.jar:/Users/nguyenhuynhquang2909/.m2/repository/org/mockito/mockito-junit-jupiter/5.11.0/mockito-junit-jupiter-5.11.0.jar:/Users/nguyenhuynhquang2909/.m2/repository/org/skyscreamer/jsonassert/1.5.1/jsonassert-1.5.1.jar:/Users/nguyenhuynhquang2909/.m2/repository/com/vaadin/external/google/android-json/0.0.20131108.vaadin1/android-json-0.0.20131108.vaadin1.jar:/Users/nguyenhuynhquang2909/.m2/repository/org/springframework/spring-core/6.1.10/spring-core-6.1.10.jar:/Users/nguyenhuynhquang2909/.m2/repository/org/springframework/spring-jcl/6.1.10/spring-jcl-6.1.10.jar:/Users/nguyenhuynhquang2909/.m2/repository/org/springframework/spring-test/6.1.10/spring-test-6.1.10.jar:/Users/nguyenhuynhquang2909/.m2/repository/org/xmlunit/xmlunit-core/2.9.1/xmlunit-core-2.9.1.jar:/Users/nguyenhuynhquang2909/.m2/repository/com/google/code/gson/gson/2.10.1/gson-2.10.1.jar:/Users/nguyenhuynhquang2909/.m2/repository/jakarta/xml/bind/jakarta.xml.bind-api/4.0.2/jakarta.xml.bind-api-4.0.2.jar:/Users/nguyenhuynhquang2909/.m2/repository/jakarta/activation/jakarta.activation-api/2.1.3/jakarta.activation-api-2.1.3.jar:/Users/nguyenhuynhquang2909/.m2/repository/org/glassfish/jaxb/jaxb-runtime/4.0.2/jaxb-runtime-4.0.2.jar:/Users/nguyenhuynhquang2909/.m2/repository/org/glassfish/jaxb/jaxb-core/4.0.5/jaxb-core-4.0.5.jar:/Users/nguyenhuynhquang2909/.m2/repository/org/eclipse/angus/angus-activation/2.0.2/angus-activation-2.0.2.jar:/Users/nguyenhuynhquang2909/.m2/repository/org/glassfish/jaxb/txw2/4.0.5/txw2-4.0.5.jar:/Users/nguyenhuynhquang2909/.m2/repository/com/sun/istack/istack-commons-runtime/4.1.2/istack-commons-runtime-4.1.2.jar:/Users/nguyenhuynhquang2909/.m2/repository/io/lettuce/lettuce-core/6.3.2.RELEASE/lettuce-core-6.3.2.RELEASE.jar:/Users/nguyenhuynhquang2909/.m2/repository/io/netty/netty-common/4.1.111.Final/netty-common-4.1.111.Final.jar:/Users/nguyenhuynhquang2909/.m2/repository/io/netty/netty-handler/4.1.111.Final/netty-handler-4.1.111.Final.jar:/Users/nguyenhuynhquang2909/.m2/repository/io/netty/netty-resolver/4.1.111.Final/netty-resolver-4.1.111.Final.jar:/Users/nguyenhuynhquang2909/.m2/repository/io/netty/netty-buffer/4.1.111.Final/netty-buffer-4.1.111.Final.jar:/Users/nguyenhuynhquang2909/.m2/repository/io/netty/netty-transport-native-unix-common/4.1.111.Final/netty-transport-native-unix-common-4.1.111.Final.jar:/Users/nguyenhuynhquang2909/.m2/repository/io/netty/netty-codec/4.1.111.Final/netty-codec-4.1.111.Final.jar:/Users/nguyenhuynhquang2909/.m2/repository/io/netty/netty-transport/4.1.111.Final/netty-transport-4.1.111.Final.jar:/Users/nguyenhuynhquang2909/.m2/repository/io/projectreactor/reactor-core/3.6.7/reactor-core-3.6.7.jar:/Users/nguyenhuynhquang2909/.m2/repository/org/reactivestreams/reactive-streams/1.0.4/reactive-streams-1.0.4.jar:/Users/nguyenhuynhquang2909/.m2/repository/org/springframework/boot/spring-boot-starter-mail/3.3.1/spring-boot-starter-mail-3.3.1.jar:/Users/nguyenhuynhquang2909/.m2/repository/org/springframework/spring-context-support/6.1.10/spring-context-support-6.1.10.jar:/Users/nguyenhuynhquang2909/.m2/repository/org/eclipse/angus/jakarta.mail/2.0.3/jakarta.mail-2.0.3.jar:/Users/nguyenhuynhquang2909/.m2/repository/org/springframework/boot/spring-boot-starter-oauth2-client/3.3.1/spring-boot-starter-oauth2-client-3.3.1.jar:/Users/nguyenhuynhquang2909/.m2/repository/org/springframework/security/spring-security-config/6.3.1/spring-security-config-6.3.1.jar:/Users/nguyenhuynhquang2909/.m2/repository/org/springframework/security/spring-security-core/6.3.1/spring-security-core-6.3.1.jar:/Users/nguyenhuynhquang2909/.m2/repository/org/springframework/security/spring-security-crypto/6.3.1/spring-security-crypto-6.3.1.jar:/Users/nguyenhuynhquang2909/.m2/repository/org/springframework/security/spring-security-oauth2-client/6.3.1/spring-security-oauth2-client-6.3.1.jar:/Users/nguyenhuynhquang2909/.m2/repository/org/springframework/security/spring-security-oauth2-core/6.3.1/spring-security-oauth2-core-6.3.1.jar:/Users/nguyenhuynhquang2909/.m2/repository/com/nimbusds/oauth2-oidc-sdk/9.43.4/oauth2-oidc-sdk-9.43.4.jar:/Users/nguyenhuynhquang2909/.m2/repository/com/github/stephenc/jcip/jcip-annotations/1.0-1/jcip-annotations-1.0-1.jar:/Users/nguyenhuynhquang2909/.m2/repository/com/nimbusds/content-type/2.2/content-type-2.2.jar:/Users/nguyenhuynhquang2909/.m2/repository/com/nimbusds/lang-tag/1.7/lang-tag-1.7.jar:/Users/nguyenhuynhquang2909/.m2/repository/org/springframework/security/spring-security-oauth2-jose/6.3.1/spring-security-oauth2-jose-6.3.1.jar:/Users/nguyenhuynhquang2909/.m2/repository/com/nimbusds/nimbus-jose-jwt/9.37.3/nimbus-jose-jwt-9.37.3.jar:/Users/nguyenhuynhquang2909/.m2/repository/org/springframework/boot/spring-boot-starter-security/3.3.1/spring-boot-starter-security-3.3.1.jar:/Users/nguyenhuynhquang2909/.m2/repository/org/springframework/spring-aop/6.1.10/spring-aop-6.1.10.jar:/Users/nguyenhuynhquang2909/.m2/repository/org/springframework/security/spring-security-web/6.3.1/spring-security-web-6.3.1.jar:/Users/nguyenhuynhquang2909/.m2/repository/org/springframework/boot/spring-boot-starter-validation/3.3.1/spring-boot-starter-validation-3.3.1.jar:/Users/nguyenhuynhquang2909/.m2/repository/org/apache/tomcat/embed/tomcat-embed-el/10.1.25/tomcat-embed-el-10.1.25.jar:/Users/nguyenhuynhquang2909/.m2/repository/org/hibernate/validator/hibernate-validator/8.0.1.Final/hibernate-validator-8.0.1.Final.jar:/Users/nguyenhuynhquang2909/.m2/repository/jakarta/validation/jakarta.validation-api/3.0.2/jakarta.validation-api-3.0.2.jar:/Users/nguyenhuynhquang2909/.m2/repository/org/springframework/session/spring-session-data-redis/3.3.1/spring-session-data-redis-3.3.1.jar:/Users/nguyenhuynhquang2909/.m2/repository/org/springframework/session/spring-session-core/3.3.1/spring-session-core-3.3.1.jar:/Users/nguyenhuynhquang2909/.m2/repository/org/springframework/data/spring-data-redis/3.3.1/spring-data-redis-3.3.1.jar:/Users/nguyenhuynhquang2909/.m2/repository/org/springframework/data/spring-data-keyvalue/3.3.1/spring-data-keyvalue-3.3.1.jar:/Users/nguyenhuynhquang2909/.m2/repository/org/springframework/spring-tx/6.1.10/spring-tx-6.1.10.jar:/Users/nguyenhuynhquang2909/.m2/repository/org/springframework/spring-oxm/6.1.10/spring-oxm-6.1.10.jar:/Users/nguyenhuynhquang2909/.m2/repository/org/postgresql/postgresql/42.7.3/postgresql-42.7.3.jar:/Users/nguyenhuynhquang2909/.m2/repository/org/checkerframework/checker-qual/3.42.0/checker-qual-3.42.0.jar:/Users/nguyenhuynhquang2909/.m2/repository/org/springframework/security/spring-security-test/6.3.1/spring-security-test-6.3.1.jar:/Users/nguyenhuynhquang2909/.m2/repository/org/springframework/boot/spring-boot-starter-data-jpa/3.3.1/spring-boot-starter-data-jpa-3.3.1.jar:/Users/nguyenhuynhquang2909/.m2/repository/org/springframework/boot/spring-boot-starter-aop/3.3.1/spring-boot-starter-aop-3.3.1.jar:/Users/nguyenhuynhquang2909/.m2/repository/org/aspectj/aspectjweaver/1.9.22/aspectjweaver-1.9.22.jar:/Users/nguyenhuynhquang2909/.m2/repository/org/springframework/boot/spring-boot-starter-jdbc/3.3.1/spring-boot-starter-jdbc-3.3.1.jar:/Users/nguyenhuynhquang2909/.m2/repository/com/zaxxer/HikariCP/5.1.0/HikariCP-5.1.0.jar:/Users/nguyenhuynhquang2909/.m2/repository/org/springframework/spring-jdbc/6.1.10/spring-jdbc-6.1.10.jar:/Users/nguyenhuynhquang2909/.m2/repository/org/springframework/data/spring-data-jpa/3.3.1/spring-data-jpa-3.3.1.jar:/Users/nguyenhuynhquang2909/.m2/repository/org/springframework/data/spring-data-commons/3.3.1/spring-data-commons-3.3.1.jar:/Users/nguyenhuynhquang2909/.m2/repository/org/springframework/spring-orm/6.1.10/spring-orm-6.1.10.jar:/Users/nguyenhuynhquang2909/.m2/repository/org/springframework/spring-aspects/6.1.10/spring-aspects-6.1.10.jar:/Users/nguyenhuynhquang2909/.m2/repository/org/springdoc/springdoc-openapi-starter-webmvc-ui/2.6.0/springdoc-openapi-starter-webmvc-ui-2.6.0.jar:/Users/nguyenhuynhquang2909/.m2/repository/org/springdoc/springdoc-openapi-starter-webmvc-api/2.6.0/springdoc-openapi-starter-webmvc-api-2.6.0.jar:/Users/nguyenhuynhquang2909/.m2/repository/org/springdoc/springdoc-openapi-starter-common/2.6.0/springdoc-openapi-starter-common-2.6.0.jar:/Users/nguyenhuynhquang2909/.m2/repository/io/swagger/core/v3/swagger-core-jakarta/2.2.22/swagger-core-jakarta-2.2.22.jar:/Users/nguyenhuynhquang2909/.m2/repository/org/apache/commons/commons-lang3/3.14.0/commons-lang3-3.14.0.jar:/Users/nguyenhuynhquang2909/.m2/repository/io/swagger/core/v3/swagger-annotations-jakarta/2.2.22/swagger-annotations-jakarta-2.2.22.jar:/Users/nguyenhuynhquang2909/.m2/repository/io/swagger/core/v3/swagger-models-jakarta/2.2.22/swagger-models-jakarta-2.2.22.jar:/Users/nguyenhuynhquang2909/.m2/repository/com/fasterxml/jackson/dataformat/jackson-dataformat-yaml/2.17.1/jackson-dataformat-yaml-2.17.1.jar:/Users/nguyenhuynhquang2909/.m2/repository/org/webjars/swagger-ui/5.17.14/swagger-ui-5.17.14.jar:/Users/nguyenhuynhquang2909/.m2/repository/io/jsonwebtoken/jjwt-api/0.11.2/jjwt-api-0.11.2.jar:/Users/nguyenhuynhquang2909/.m2/repository/io/jsonwebtoken/jjwt-impl/0.11.2/jjwt-impl-0.11.2.jar:/Users/nguyenhuynhquang2909/.m2/repository/io/jsonwebtoken/jjwt-jackson/0.11.2/jjwt-jackson-0.11.2.jar:/Users/nguyenhuynhquang2909/.m2/repository/com/fasterxml/jackson/core/jackson-databind/2.17.1/jackson-databind-2.17.1.jar:/Users/nguyenhuynhquang2909/.m2/repository/com/fasterxml/jackson/core/jackson-annotations/2.17.1/jackson-annotations-2.17.1.jar:/Users/nguyenhuynhquang2909/.m2/repository/com/fasterxml/jackson/core/jackson-core/2.17.1/jackson-core-2.17.1.jar:"/>
    <property name="sun.cpu.endian" value="little"/>
    <property name="user.home" value="/Users/nguyenhuynhquang2909"/>
    <property name="user.language" value="en"/>
    <property name="java.specification.vendor" value="Oracle Corporation"/>
    <property name="java.version.date" value="2021-10-19"/>
    <property name="java.home" value="/Users/nguyenhuynhquang2909/.sdkman/candidates/java/17.0.1-open"/>
    <property name="file.separator" value="/"/>
    <property name="basedir" value="/Users/nguyenhuynhquang2909/Documents/gymhub-server"/>
    <property name="java.vm.compressedOopsMode" value="Zero based"/>
    <property name="line.separator" value="&#10;"/>
    <property name="java.vm.specification.vendor" value="Oracle Corporation"/>
    <property name="java.specification.name" value="Java Platform API Specification"/>
    <property name="FILE_LOG_CHARSET" value="UTF-8"/>
    <property name="java.awt.headless" value="true"/>
    <property name="surefire.real.class.path" value="/Users/nguyenhuynhquang2909/Documents/gymhub-server/target/surefire/surefirebooter-20240915162124169_3.jar"/>
    <property name="sun.management.compiler" value="HotSpot 64-Bit Tiered Compilers"/>
    <property name="ftp.nonProxyHosts" value="local|*.local|169.254/16|*.169.254/16"/>
    <property name="java.runtime.version" value="17.0.1+12-39"/>
    <property name="user.name" value="nguyenhuynhquang2909"/>
    <property name="path.separator" value=":"/>
    <property name="os.version" value="14.4.1"/>
    <property name="java.runtime.name" value="OpenJDK Runtime Environment"/>
    <property name="file.encoding" value="UTF-8"/>
    <property name="java.vm.name" value="OpenJDK 64-Bit Server VM"/>
    <property name="localRepository" value="/Users/nguyenhuynhquang2909/.m2/repository"/>
    <property name="java.vendor.url.bug" value="https://bugreport.java.com/bugreport/"/>
    <property name="java.io.tmpdir" value="/var/folders/pk/8rlgpdj91n758py0xr2qc01h0000gn/T/"/>
    <property name="com.zaxxer.hikari.pool_number" value="1"/>
    <property name="java.version" value="17.0.1"/>
    <property name="user.dir" value="/Users/nguyenhuynhquang2909/Documents/gymhub-server"/>
    <property name="os.arch" value="aarch64"/>
    <property name="java.vm.specification.name" value="Java Virtual Machine Specification"/>
    <property name="PID" value="325"/>
    <property name="CONSOLE_LOG_CHARSET" value="UTF-8"/>
    <property name="native.encoding" value="UTF-8"/>
    <property name="java.library.path" value="/Users/nguyenhuynhquang2909/Library/Java/Extensions:/Library/Java/Extensions:/Network/Library/Java/Extensions:/System/Library/Java/Extensions:/usr/lib/java:."/>
    <property name="java.vm.info" value="mixed mode, sharing"/>
    <property name="java.vendor" value="Oracle Corporation"/>
    <property name="java.vm.version" value="17.0.1+12-39"/>
    <property name="sun.io.unicode.encoding" value="UnicodeBig"/>
    <property name="socksNonProxyHosts" value="local|*.local|169.254/16|*.169.254/16"/>
    <property name="java.class.version" value="61.0"/>
    <property name="LOGGED_APPLICATION_NAME" value="[gymhub] "/>
  </properties>
  <testcase name="contextLoads" classname="com.gymhub.gymhub.GymhubApplicationTests" time="0.855">
    <system-out><![CDATA[16:21:24.568 [main] INFO org.springframework.test.context.support.AnnotationConfigContextLoaderUtils -- Could not detect default configuration classes for test class [com.gymhub.gymhub.GymhubApplicationTests]: GymhubApplicationTests does not declare any static, non-private, non-final, nested classes annotated with @Configuration.
16:21:24.618 [main] INFO org.springframework.boot.test.context.SpringBootTestContextBootstrapper -- Found @SpringBootConfiguration com.gymhub.gymhub.GymhubApplication for test class com.gymhub.gymhub.GymhubApplicationTests
16:21:24.692 [main] INFO org.springframework.boot.devtools.restart.RestartApplicationListener -- Restart disabled due to context in which it is running

  .   ____          _            __ _ _
 /\\ / ___'_ __ _ _(_)_ __  __ _ \ \ \ \
( ( )\___ | '_ | '_| | '_ \/ _` | \ \ \ \
 \\/  ___)| |_)| | | | | || (_| |  ) ) ) )
  '  |____| .__|_| |_|_| |_\__, | / / / /
 =========|_|==============|___/=/_/_/_/

 :: Spring Boot ::                (v3.3.1)

2024-09-15T16:21:24.797+07:00  INFO 325 --- [gymhub] [           main] c.gymhub.gymhub.GymhubApplicationTests   : Starting GymhubApplicationTests using Java 17.0.1 with PID 325 (started by nguyenhuynhquang2909 in /Users/nguyenhuynhquang2909/Documents/gymhub-server)
2024-09-15T16:21:24.798+07:00  INFO 325 --- [gymhub] [           main] c.gymhub.gymhub.GymhubApplicationTests   : No active profile set, falling back to 1 default profile: "default"
2024-09-15T16:21:25.126+07:00  INFO 325 --- [gymhub] [           main] .s.d.r.c.RepositoryConfigurationDelegate : Multiple Spring Data modules found, entering strict repository configuration mode
2024-09-15T16:21:25.127+07:00  INFO 325 --- [gymhub] [           main] .s.d.r.c.RepositoryConfigurationDelegate : Bootstrapping Spring Data JPA repositories in DEFAULT mode.
2024-09-15T16:21:25.203+07:00  INFO 325 --- [gymhub] [           main] .s.d.r.c.RepositoryConfigurationDelegate : Finished Spring Data repository scanning in 72 ms. Found 7 JPA repository interfaces.
2024-09-15T16:21:25.342+07:00  INFO 325 --- [gymhub] [           main] .s.d.r.c.RepositoryConfigurationDelegate : Multiple Spring Data modules found, entering strict repository configuration mode
2024-09-15T16:21:25.342+07:00  INFO 325 --- [gymhub] [           main] .s.d.r.c.RepositoryConfigurationDelegate : Bootstrapping Spring Data Redis repositories in DEFAULT mode.
2024-09-15T16:21:25.357+07:00  INFO 325 --- [gymhub] [           main] .RepositoryConfigurationExtensionSupport : Spring Data Redis - Could not safely identify store assignment for repository candidate interface com.gymhub.gymhub.repository.ImageRepository; If you want this repository to be a Redis repository, consider annotating your entities with one of these annotations: org.springframework.data.redis.core.RedisHash (preferred), or consider extending one of the following types with your repository: org.springframework.data.keyvalue.repository.KeyValueRepository
2024-09-15T16:21:25.358+07:00  INFO 325 --- [gymhub] [           main] .RepositoryConfigurationExtensionSupport : Spring Data Redis - Could not safely identify store assignment for repository candidate interface com.gymhub.gymhub.repository.MemberRepository; If you want this repository to be a Redis repository, consider annotating your entities with one of these annotations: org.springframework.data.redis.core.RedisHash (preferred), or consider extending one of the following types with your repository: org.springframework.data.keyvalue.repository.KeyValueRepository
2024-09-15T16:21:25.358+07:00  INFO 325 --- [gymhub] [           main] .RepositoryConfigurationExtensionSupport : Spring Data Redis - Could not safely identify store assignment for repository candidate interface com.gymhub.gymhub.repository.ModeratorRepository; If you want this repository to be a Redis repository, consider annotating your entities with one of these annotations: org.springframework.data.redis.core.RedisHash (preferred), or consider extending one of the following types with your repository: org.springframework.data.keyvalue.repository.KeyValueRepository
2024-09-15T16:21:25.359+07:00  INFO 325 --- [gymhub] [           main] .RepositoryConfigurationExtensionSupport : Spring Data Redis - Could not safely identify store assignment for repository candidate interface com.gymhub.gymhub.repository.PostRepository; If you want this repository to be a Redis repository, consider annotating your entities with one of these annotations: org.springframework.data.redis.core.RedisHash (preferred), or consider extending one of the following types with your repository: org.springframework.data.keyvalue.repository.KeyValueRepository
2024-09-15T16:21:25.359+07:00  INFO 325 --- [gymhub] [           main] .RepositoryConfigurationExtensionSupport : Spring Data Redis - Could not safely identify store assignment for repository candidate interface com.gymhub.gymhub.repository.RefreshTokenRepository; If you want this repository to be a Redis repository, consider annotating your entities with one of these annotations: org.springframework.data.redis.core.RedisHash (preferred), or consider extending one of the following types with your repository: org.springframework.data.keyvalue.repository.KeyValueRepository
2024-09-15T16:21:25.359+07:00  INFO 325 --- [gymhub] [           main] .RepositoryConfigurationExtensionSupport : Spring Data Redis - Could not safely identify store assignment for repository candidate interface com.gymhub.gymhub.repository.TagRepository; If you want this repository to be a Redis repository, consider annotating your entities with one of these annotations: org.springframework.data.redis.core.RedisHash (preferred), or consider extending one of the following types with your repository: org.springframework.data.keyvalue.repository.KeyValueRepository
2024-09-15T16:21:25.359+07:00  INFO 325 --- [gymhub] [           main] .RepositoryConfigurationExtensionSupport : Spring Data Redis - Could not safely identify store assignment for repository candidate interface com.gymhub.gymhub.repository.ThreadRepository; If you want this repository to be a Redis repository, consider annotating your entities with one of these annotations: org.springframework.data.redis.core.RedisHash (preferred), or consider extending one of the following types with your repository: org.springframework.data.keyvalue.repository.KeyValueRepository
2024-09-15T16:21:25.359+07:00  INFO 325 --- [gymhub] [           main] .s.d.r.c.RepositoryConfigurationDelegate : Finished Spring Data repository scanning in 11 ms. Found 0 Redis repository interfaces.
2024-09-15T16:21:25.598+07:00  INFO 325 --- [gymhub] [           main] o.hibernate.jpa.internal.util.LogHelper  : HHH000204: Processing PersistenceUnitInfo [name: default]
2024-09-15T16:21:25.633+07:00  INFO 325 --- [gymhub] [           main] org.hibernate.Version                    : HHH000412: Hibernate ORM core version 6.2.3.Final
2024-09-15T16:21:25.634+07:00  INFO 325 --- [gymhub] [           main] org.hibernate.cfg.Environment            : HHH000406: Using bytecode reflection optimizer
2024-09-15T16:21:25.732+07:00 DEBUG 325 --- [gymhub] [           main] org.hibernate.type.BasicTypeRegistry     : Adding type registration boolean -> org.hibernate.type.BasicTypeReference@2ae3235e
2024-09-15T16:21:25.733+07:00 DEBUG 325 --- [gymhub] [           main] org.hibernate.type.BasicTypeRegistry     : Adding type registration boolean -> org.hibernate.type.BasicTypeReference@2ae3235e
2024-09-15T16:21:25.733+07:00 DEBUG 325 --- [gymhub] [           main] org.hibernate.type.BasicTypeRegistry     : Adding type registration java.lang.Boolean -> org.hibernate.type.BasicTypeReference@2ae3235e
2024-09-15T16:21:25.733+07:00 DEBUG 325 --- [gymhub] [           main] org.hibernate.type.BasicTypeRegistry     : Adding type registration numeric_boolean -> org.hibernate.type.BasicTypeReference@46b6701e
2024-09-15T16:21:25.733+07:00 DEBUG 325 --- [gymhub] [           main] org.hibernate.type.BasicTypeRegistry     : Adding type registration org.hibernate.type.NumericBooleanConverter -> org.hibernate.type.BasicTypeReference@46b6701e
2024-09-15T16:21:25.733+07:00 DEBUG 325 --- [gymhub] [           main] org.hibernate.type.BasicTypeRegistry     : Adding type registration true_false -> org.hibernate.type.BasicTypeReference@3686389
2024-09-15T16:21:25.733+07:00 DEBUG 325 --- [gymhub] [           main] org.hibernate.type.BasicTypeRegistry     : Adding type registration org.hibernate.type.TrueFalseConverter -> org.hibernate.type.BasicTypeReference@3686389
2024-09-15T16:21:25.733+07:00 DEBUG 325 --- [gymhub] [           main] org.hibernate.type.BasicTypeRegistry     : Adding type registration yes_no -> org.hibernate.type.BasicTypeReference@71e2c6d8
2024-09-15T16:21:25.733+07:00 DEBUG 325 --- [gymhub] [           main] org.hibernate.type.BasicTypeRegistry     : Adding type registration org.hibernate.type.YesNoConverter -> org.hibernate.type.BasicTypeReference@71e2c6d8
2024-09-15T16:21:25.733+07:00 DEBUG 325 --- [gymhub] [           main] org.hibernate.type.BasicTypeRegistry     : Adding type registration byte -> org.hibernate.type.BasicTypeReference@4228f269
2024-09-15T16:21:25.733+07:00 DEBUG 325 --- [gymhub] [           main] org.hibernate.type.BasicTypeRegistry     : Adding type registration byte -> org.hibernate.type.BasicTypeReference@4228f269
2024-09-15T16:21:25.733+07:00 DEBUG 325 --- [gymhub] [           main] org.hibernate.type.BasicTypeRegistry     : Adding type registration java.lang.Byte -> org.hibernate.type.BasicTypeReference@4228f269
2024-09-15T16:21:25.734+07:00 DEBUG 325 --- [gymhub] [           main] org.hibernate.type.BasicTypeRegistry     : Adding type registration binary -> org.hibernate.type.BasicTypeReference@376b5cb2
2024-09-15T16:21:25.734+07:00 DEBUG 325 --- [gymhub] [           main] org.hibernate.type.BasicTypeRegistry     : Adding type registration byte[] -> org.hibernate.type.BasicTypeReference@376b5cb2
2024-09-15T16:21:25.734+07:00 DEBUG 325 --- [gymhub] [           main] org.hibernate.type.BasicTypeRegistry     : Adding type registration [B -> org.hibernate.type.BasicTypeReference@376b5cb2
2024-09-15T16:21:25.734+07:00 DEBUG 325 --- [gymhub] [           main] org.hibernate.type.BasicTypeRegistry     : Adding type registration binary_wrapper -> org.hibernate.type.BasicTypeReference@1552da16
2024-09-15T16:21:25.734+07:00 DEBUG 325 --- [gymhub] [           main] org.hibernate.type.BasicTypeRegistry     : Adding type registration wrapper-binary -> org.hibernate.type.BasicTypeReference@1552da16
2024-09-15T16:21:25.734+07:00 DEBUG 325 --- [gymhub] [           main] org.hibernate.type.BasicTypeRegistry     : Adding type registration image -> org.hibernate.type.BasicTypeReference@78318ac2
2024-09-15T16:21:25.734+07:00 DEBUG 325 --- [gymhub] [           main] org.hibernate.type.BasicTypeRegistry     : Adding type registration blob -> org.hibernate.type.BasicTypeReference@77ce88c4
2024-09-15T16:21:25.734+07:00 DEBUG 325 --- [gymhub] [           main] org.hibernate.type.BasicTypeRegistry     : Adding type registration java.sql.Blob -> org.hibernate.type.BasicTypeReference@77ce88c4
2024-09-15T16:21:25.734+07:00 DEBUG 325 --- [gymhub] [           main] org.hibernate.type.BasicTypeRegistry     : Adding type registration materialized_blob -> org.hibernate.type.BasicTypeReference@11abd6c
2024-09-15T16:21:25.734+07:00 DEBUG 325 --- [gymhub] [           main] org.hibernate.type.BasicTypeRegistry     : Adding type registration materialized_blob_wrapper -> org.hibernate.type.BasicTypeReference@29b5533
2024-09-15T16:21:25.734+07:00 DEBUG 325 --- [gymhub] [           main] org.hibernate.type.BasicTypeRegistry     : Adding type registration short -> org.hibernate.type.BasicTypeReference@7608a838
2024-09-15T16:21:25.734+07:00 DEBUG 325 --- [gymhub] [           main] org.hibernate.type.BasicTypeRegistry     : Adding type registration short -> org.hibernate.type.BasicTypeReference@7608a838
2024-09-15T16:21:25.734+07:00 DEBUG 325 --- [gymhub] [           main] org.hibernate.type.BasicTypeRegistry     : Adding type registration java.lang.Short -> org.hibernate.type.BasicTypeReference@7608a838
2024-09-15T16:21:25.734+07:00 DEBUG 325 --- [gymhub] [           main] org.hibernate.type.BasicTypeRegistry     : Adding type registration integer -> org.hibernate.type.BasicTypeReference@75839695
2024-09-15T16:21:25.734+07:00 DEBUG 325 --- [gymhub] [           main] org.hibernate.type.BasicTypeRegistry     : Adding type registration int -> org.hibernate.type.BasicTypeReference@75839695
2024-09-15T16:21:25.735+07:00 DEBUG 325 --- [gymhub] [           main] org.hibernate.type.BasicTypeRegistry     : Adding type registration java.lang.Integer -> org.hibernate.type.BasicTypeReference@75839695
2024-09-15T16:21:25.735+07:00 DEBUG 325 --- [gymhub] [           main] org.hibernate.type.BasicTypeRegistry     : Adding type registration long -> org.hibernate.type.BasicTypeReference@21a6a494
2024-09-15T16:21:25.735+07:00 DEBUG 325 --- [gymhub] [           main] org.hibernate.type.BasicTypeRegistry     : Adding type registration long -> org.hibernate.type.BasicTypeReference@21a6a494
2024-09-15T16:21:25.735+07:00 DEBUG 325 --- [gymhub] [           main] org.hibernate.type.BasicTypeRegistry     : Adding type registration java.lang.Long -> org.hibernate.type.BasicTypeReference@21a6a494
2024-09-15T16:21:25.735+07:00 DEBUG 325 --- [gymhub] [           main] org.hibernate.type.BasicTypeRegistry     : Adding type registration float -> org.hibernate.type.BasicTypeReference@794c5f5e
2024-09-15T16:21:25.735+07:00 DEBUG 325 --- [gymhub] [           main] org.hibernate.type.BasicTypeRegistry     : Adding type registration float -> org.hibernate.type.BasicTypeReference@794c5f5e
2024-09-15T16:21:25.735+07:00 DEBUG 325 --- [gymhub] [           main] org.hibernate.type.BasicTypeRegistry     : Adding type registration java.lang.Float -> org.hibernate.type.BasicTypeReference@794c5f5e
2024-09-15T16:21:25.735+07:00 DEBUG 325 --- [gymhub] [           main] org.hibernate.type.BasicTypeRegistry     : Adding type registration double -> org.hibernate.type.BasicTypeReference@4ab66127
2024-09-15T16:21:25.735+07:00 DEBUG 325 --- [gymhub] [           main] org.hibernate.type.BasicTypeRegistry     : Adding type registration double -> org.hibernate.type.BasicTypeReference@4ab66127
2024-09-15T16:21:25.735+07:00 DEBUG 325 --- [gymhub] [           main] org.hibernate.type.BasicTypeRegistry     : Adding type registration java.lang.Double -> org.hibernate.type.BasicTypeReference@4ab66127
2024-09-15T16:21:25.735+07:00 DEBUG 325 --- [gymhub] [           main] org.hibernate.type.BasicTypeRegistry     : Adding type registration big_integer -> org.hibernate.type.BasicTypeReference@236861da
2024-09-15T16:21:25.735+07:00 DEBUG 325 --- [gymhub] [           main] org.hibernate.type.BasicTypeRegistry     : Adding type registration java.math.BigInteger -> org.hibernate.type.BasicTypeReference@236861da
2024-09-15T16:21:25.735+07:00 DEBUG 325 --- [gymhub] [           main] org.hibernate.type.BasicTypeRegistry     : Adding type registration big_decimal -> org.hibernate.type.BasicTypeReference@37fef327
2024-09-15T16:21:25.735+07:00 DEBUG 325 --- [gymhub] [           main] org.hibernate.type.BasicTypeRegistry     : Adding type registration java.math.BigDecimal -> org.hibernate.type.BasicTypeReference@37fef327
2024-09-15T16:21:25.735+07:00 DEBUG 325 --- [gymhub] [           main] org.hibernate.type.BasicTypeRegistry     : Adding type registration character -> org.hibernate.type.BasicTypeReference@2cd3fc29
2024-09-15T16:21:25.735+07:00 DEBUG 325 --- [gymhub] [           main] org.hibernate.type.BasicTypeRegistry     : Adding type registration char -> org.hibernate.type.BasicTypeReference@2cd3fc29
2024-09-15T16:21:25.736+07:00 DEBUG 325 --- [gymhub] [           main] org.hibernate.type.BasicTypeRegistry     : Adding type registration java.lang.Character -> org.hibernate.type.BasicTypeReference@2cd3fc29
2024-09-15T16:21:25.736+07:00 DEBUG 325 --- [gymhub] [           main] org.hibernate.type.BasicTypeRegistry     : Adding type registration character_nchar -> org.hibernate.type.BasicTypeReference@55951fcd
2024-09-15T16:21:25.736+07:00 DEBUG 325 --- [gymhub] [           main] org.hibernate.type.BasicTypeRegistry     : Adding type registration string -> org.hibernate.type.BasicTypeReference@3513d214
2024-09-15T16:21:25.736+07:00 DEBUG 325 --- [gymhub] [           main] org.hibernate.type.BasicTypeRegistry     : Adding type registration java.lang.String -> org.hibernate.type.BasicTypeReference@3513d214
2024-09-15T16:21:25.736+07:00 DEBUG 325 --- [gymhub] [           main] org.hibernate.type.BasicTypeRegistry     : Adding type registration nstring -> org.hibernate.type.BasicTypeReference@7534785a
2024-09-15T16:21:25.736+07:00 DEBUG 325 --- [gymhub] [           main] org.hibernate.type.BasicTypeRegistry     : Adding type registration characters -> org.hibernate.type.BasicTypeReference@46b5f061
2024-09-15T16:21:25.736+07:00 DEBUG 325 --- [gymhub] [           main] org.hibernate.type.BasicTypeRegistry     : Adding type registration char[] -> org.hibernate.type.BasicTypeReference@46b5f061
2024-09-15T16:21:25.736+07:00 DEBUG 325 --- [gymhub] [           main] org.hibernate.type.BasicTypeRegistry     : Adding type registration [C -> org.hibernate.type.BasicTypeReference@46b5f061
2024-09-15T16:21:25.736+07:00 DEBUG 325 --- [gymhub] [           main] org.hibernate.type.BasicTypeRegistry     : Adding type registration wrapper-characters -> org.hibernate.type.BasicTypeReference@3ba3f40d
2024-09-15T16:21:25.736+07:00 DEBUG 325 --- [gymhub] [           main] org.hibernate.type.BasicTypeRegistry     : Adding type registration text -> org.hibernate.type.BasicTypeReference@108b121f
2024-09-15T16:21:25.736+07:00 DEBUG 325 --- [gymhub] [           main] org.hibernate.type.BasicTypeRegistry     : Adding type registration ntext -> org.hibernate.type.BasicTypeReference@46ab4efc
2024-09-15T16:21:25.736+07:00 DEBUG 325 --- [gymhub] [           main] org.hibernate.type.BasicTypeRegistry     : Adding type registration clob -> org.hibernate.type.BasicTypeReference@2ff498b0
2024-09-15T16:21:25.736+07:00 DEBUG 325 --- [gymhub] [           main] org.hibernate.type.BasicTypeRegistry     : Adding type registration java.sql.Clob -> org.hibernate.type.BasicTypeReference@2ff498b0
2024-09-15T16:21:25.736+07:00 DEBUG 325 --- [gymhub] [           main] org.hibernate.type.BasicTypeRegistry     : Adding type registration nclob -> org.hibernate.type.BasicTypeReference@b5312df
2024-09-15T16:21:25.736+07:00 DEBUG 325 --- [gymhub] [           main] org.hibernate.type.BasicTypeRegistry     : Adding type registration java.sql.NClob -> org.hibernate.type.BasicTypeReference@b5312df
2024-09-15T16:21:25.736+07:00 DEBUG 325 --- [gymhub] [           main] org.hibernate.type.BasicTypeRegistry     : Adding type registration materialized_clob -> org.hibernate.type.BasicTypeReference@4300e240
2024-09-15T16:21:25.737+07:00 DEBUG 325 --- [gymhub] [           main] org.hibernate.type.BasicTypeRegistry     : Adding type registration materialized_clob_char_array -> org.hibernate.type.BasicTypeReference@5f409872
2024-09-15T16:21:25.737+07:00 DEBUG 325 --- [gymhub] [           main] org.hibernate.type.BasicTypeRegistry     : Adding type registration materialized_clob_character_array -> org.hibernate.type.BasicTypeReference@547aaa32
2024-09-15T16:21:25.737+07:00 DEBUG 325 --- [gymhub] [           main] org.hibernate.type.BasicTypeRegistry     : Adding type registration materialized_nclob -> org.hibernate.type.BasicTypeReference@472c9f88
2024-09-15T16:21:25.737+07:00 DEBUG 325 --- [gymhub] [           main] org.hibernate.type.BasicTypeRegistry     : Adding type registration materialized_nclob_character_array -> org.hibernate.type.BasicTypeReference@37a67cf
2024-09-15T16:21:25.737+07:00 DEBUG 325 --- [gymhub] [           main] org.hibernate.type.BasicTypeRegistry     : Adding type registration materialized_nclob_char_array -> org.hibernate.type.BasicTypeReference@5822ecda
2024-09-15T16:21:25.737+07:00 DEBUG 325 --- [gymhub] [           main] org.hibernate.type.BasicTypeRegistry     : Adding type registration Duration -> org.hibernate.type.BasicTypeReference@5908e6d6
2024-09-15T16:21:25.737+07:00 DEBUG 325 --- [gymhub] [           main] org.hibernate.type.BasicTypeRegistry     : Adding type registration java.time.Duration -> org.hibernate.type.BasicTypeReference@5908e6d6
2024-09-15T16:21:25.737+07:00 DEBUG 325 --- [gymhub] [           main] org.hibernate.type.BasicTypeRegistry     : Adding type registration LocalDateTime -> org.hibernate.type.BasicTypeReference@7afbf2a0
2024-09-15T16:21:25.737+07:00 DEBUG 325 --- [gymhub] [           main] org.hibernate.type.BasicTypeRegistry     : Adding type registration java.time.LocalDateTime -> org.hibernate.type.BasicTypeReference@7afbf2a0
2024-09-15T16:21:25.737+07:00 DEBUG 325 --- [gymhub] [           main] org.hibernate.type.BasicTypeRegistry     : Adding type registration LocalDate -> org.hibernate.type.BasicTypeReference@2a6fb62f
2024-09-15T16:21:25.737+07:00 DEBUG 325 --- [gymhub] [           main] org.hibernate.type.BasicTypeRegistry     : Adding type registration java.time.LocalDate -> org.hibernate.type.BasicTypeReference@2a6fb62f
2024-09-15T16:21:25.737+07:00 DEBUG 325 --- [gymhub] [           main] org.hibernate.type.BasicTypeRegistry     : Adding type registration LocalTime -> org.hibernate.type.BasicTypeReference@65e4cb84
2024-09-15T16:21:25.737+07:00 DEBUG 325 --- [gymhub] [           main] org.hibernate.type.BasicTypeRegistry     : Adding type registration java.time.LocalTime -> org.hibernate.type.BasicTypeReference@65e4cb84
2024-09-15T16:21:25.737+07:00 DEBUG 325 --- [gymhub] [           main] org.hibernate.type.BasicTypeRegistry     : Adding type registration OffsetDateTime -> org.hibernate.type.BasicTypeReference@7b44bfb8
2024-09-15T16:21:25.737+07:00 DEBUG 325 --- [gymhub] [           main] org.hibernate.type.BasicTypeRegistry     : Adding type registration java.time.OffsetDateTime -> org.hibernate.type.BasicTypeReference@7b44bfb8
2024-09-15T16:21:25.737+07:00 DEBUG 325 --- [gymhub] [           main] org.hibernate.type.BasicTypeRegistry     : Adding type registration OffsetDateTimeWithTimezone -> org.hibernate.type.BasicTypeReference@5e0f2c82
2024-09-15T16:21:25.738+07:00 DEBUG 325 --- [gymhub] [           main] org.hibernate.type.BasicTypeRegistry     : Adding type registration OffsetDateTimeWithoutTimezone -> org.hibernate.type.BasicTypeReference@98637a2
2024-09-15T16:21:25.738+07:00 DEBUG 325 --- [gymhub] [           main] org.hibernate.type.BasicTypeRegistry     : Adding type registration OffsetTime -> org.hibernate.type.BasicTypeReference@4afd65fd
2024-09-15T16:21:25.738+07:00 DEBUG 325 --- [gymhub] [           main] org.hibernate.type.BasicTypeRegistry     : Adding type registration java.time.OffsetTime -> org.hibernate.type.BasicTypeReference@4afd65fd
2024-09-15T16:21:25.738+07:00 DEBUG 325 --- [gymhub] [           main] org.hibernate.type.BasicTypeRegistry     : Adding type registration OffsetTimeUtc -> org.hibernate.type.BasicTypeReference@141aba65
2024-09-15T16:21:25.738+07:00 DEBUG 325 --- [gymhub] [           main] org.hibernate.type.BasicTypeRegistry     : Adding type registration OffsetTimeWithTimezone -> org.hibernate.type.BasicTypeReference@3356ff58
2024-09-15T16:21:25.738+07:00 DEBUG 325 --- [gymhub] [           main] org.hibernate.type.BasicTypeRegistry     : Adding type registration OffsetTimeWithoutTimezone -> org.hibernate.type.BasicTypeReference@b55f5b7
2024-09-15T16:21:25.738+07:00 DEBUG 325 --- [gymhub] [           main] org.hibernate.type.BasicTypeRegistry     : Adding type registration ZonedDateTime -> org.hibernate.type.BasicTypeReference@2aa6bbad
2024-09-15T16:21:25.738+07:00 DEBUG 325 --- [gymhub] [           main] org.hibernate.type.BasicTypeRegistry     : Adding type registration java.time.ZonedDateTime -> org.hibernate.type.BasicTypeReference@2aa6bbad
2024-09-15T16:21:25.738+07:00 DEBUG 325 --- [gymhub] [           main] org.hibernate.type.BasicTypeRegistry     : Adding type registration ZonedDateTimeWithTimezone -> org.hibernate.type.BasicTypeReference@6b2ef50e
2024-09-15T16:21:25.738+07:00 DEBUG 325 --- [gymhub] [           main] org.hibernate.type.BasicTypeRegistry     : Adding type registration ZonedDateTimeWithoutTimezone -> org.hibernate.type.BasicTypeReference@6f867b0c
2024-09-15T16:21:25.738+07:00 DEBUG 325 --- [gymhub] [           main] org.hibernate.type.BasicTypeRegistry     : Adding type registration date -> org.hibernate.type.BasicTypeReference@4b5ad306
2024-09-15T16:21:25.738+07:00 DEBUG 325 --- [gymhub] [           main] org.hibernate.type.BasicTypeRegistry     : Adding type registration java.sql.Date -> org.hibernate.type.BasicTypeReference@4b5ad306
2024-09-15T16:21:25.738+07:00 DEBUG 325 --- [gymhub] [           main] org.hibernate.type.BasicTypeRegistry     : Adding type registration time -> org.hibernate.type.BasicTypeReference@54be6213
2024-09-15T16:21:25.738+07:00 DEBUG 325 --- [gymhub] [           main] org.hibernate.type.BasicTypeRegistry     : Adding type registration java.sql.Time -> org.hibernate.type.BasicTypeReference@54be6213
2024-09-15T16:21:25.738+07:00 DEBUG 325 --- [gymhub] [           main] org.hibernate.type.BasicTypeRegistry     : Adding type registration timestamp -> org.hibernate.type.BasicTypeReference@48a46b0f
2024-09-15T16:21:25.738+07:00 DEBUG 325 --- [gymhub] [           main] org.hibernate.type.BasicTypeRegistry     : Adding type registration java.sql.Timestamp -> org.hibernate.type.BasicTypeReference@48a46b0f
2024-09-15T16:21:25.738+07:00 DEBUG 325 --- [gymhub] [           main] org.hibernate.type.BasicTypeRegistry     : Adding type registration java.util.Date -> org.hibernate.type.BasicTypeReference@48a46b0f
2024-09-15T16:21:25.739+07:00 DEBUG 325 --- [gymhub] [           main] org.hibernate.type.BasicTypeRegistry     : Adding type registration calendar -> org.hibernate.type.BasicTypeReference@1426370c
2024-09-15T16:21:25.739+07:00 DEBUG 325 --- [gymhub] [           main] org.hibernate.type.BasicTypeRegistry     : Adding type registration java.util.Calendar -> org.hibernate.type.BasicTypeReference@1426370c
2024-09-15T16:21:25.739+07:00 DEBUG 325 --- [gymhub] [           main] org.hibernate.type.BasicTypeRegistry     : Adding type registration java.util.GregorianCalendar -> org.hibernate.type.BasicTypeReference@1426370c
2024-09-15T16:21:25.739+07:00 DEBUG 325 --- [gymhub] [           main] org.hibernate.type.BasicTypeRegistry     : Adding type registration calendar_date -> org.hibernate.type.BasicTypeReference@9f9146d
2024-09-15T16:21:25.739+07:00 DEBUG 325 --- [gymhub] [           main] org.hibernate.type.BasicTypeRegistry     : Adding type registration calendar_time -> org.hibernate.type.BasicTypeReference@2ef041bb
2024-09-15T16:21:25.739+07:00 DEBUG 325 --- [gymhub] [           main] org.hibernate.type.BasicTypeRegistry     : Adding type registration instant -> org.hibernate.type.BasicTypeReference@45e7bb79
2024-09-15T16:21:25.739+07:00 DEBUG 325 --- [gymhub] [           main] org.hibernate.type.BasicTypeRegistry     : Adding type registration java.time.Instant -> org.hibernate.type.BasicTypeReference@45e7bb79
2024-09-15T16:21:25.739+07:00 DEBUG 325 --- [gymhub] [           main] org.hibernate.type.BasicTypeRegistry     : Adding type registration uuid -> org.hibernate.type.BasicTypeReference@605c7a9e
2024-09-15T16:21:25.739+07:00 DEBUG 325 --- [gymhub] [           main] org.hibernate.type.BasicTypeRegistry     : Adding type registration java.util.UUID -> org.hibernate.type.BasicTypeReference@605c7a9e
2024-09-15T16:21:25.739+07:00 DEBUG 325 --- [gymhub] [           main] org.hibernate.type.BasicTypeRegistry     : Adding type registration pg-uuid -> org.hibernate.type.BasicTypeReference@605c7a9e
2024-09-15T16:21:25.739+07:00 DEBUG 325 --- [gymhub] [           main] org.hibernate.type.BasicTypeRegistry     : Adding type registration uuid-binary -> org.hibernate.type.BasicTypeReference@21c75084
2024-09-15T16:21:25.739+07:00 DEBUG 325 --- [gymhub] [           main] org.hibernate.type.BasicTypeRegistry     : Adding type registration uuid-char -> org.hibernate.type.BasicTypeReference@d16209e
2024-09-15T16:21:25.739+07:00 DEBUG 325 --- [gymhub] [           main] org.hibernate.type.BasicTypeRegistry     : Adding type registration class -> org.hibernate.type.BasicTypeReference@75527e36
2024-09-15T16:21:25.739+07:00 DEBUG 325 --- [gymhub] [           main] org.hibernate.type.BasicTypeRegistry     : Adding type registration java.lang.Class -> org.hibernate.type.BasicTypeReference@75527e36
2024-09-15T16:21:25.739+07:00 DEBUG 325 --- [gymhub] [           main] org.hibernate.type.BasicTypeRegistry     : Adding type registration currency -> org.hibernate.type.BasicTypeReference@76596288
2024-09-15T16:21:25.741+07:00 DEBUG 325 --- [gymhub] [           main] org.hibernate.type.BasicTypeRegistry     : Adding type registration Currency -> org.hibernate.type.BasicTypeReference@76596288
2024-09-15T16:21:25.741+07:00 DEBUG 325 --- [gymhub] [           main] org.hibernate.type.BasicTypeRegistry     : Adding type registration java.util.Currency -> org.hibernate.type.BasicTypeReference@76596288
2024-09-15T16:21:25.742+07:00 DEBUG 325 --- [gymhub] [           main] org.hibernate.type.BasicTypeRegistry     : Adding type registration locale -> org.hibernate.type.BasicTypeReference@6d815fb7
2024-09-15T16:21:25.742+07:00 DEBUG 325 --- [gymhub] [           main] org.hibernate.type.BasicTypeRegistry     : Adding type registration java.util.Locale -> org.hibernate.type.BasicTypeReference@6d815fb7
2024-09-15T16:21:25.742+07:00 DEBUG 325 --- [gymhub] [           main] org.hibernate.type.BasicTypeRegistry     : Adding type registration serializable -> org.hibernate.type.BasicTypeReference@51af8049
2024-09-15T16:21:25.742+07:00 DEBUG 325 --- [gymhub] [           main] org.hibernate.type.BasicTypeRegistry     : Adding type registration java.io.Serializable -> org.hibernate.type.BasicTypeReference@51af8049
2024-09-15T16:21:25.742+07:00 DEBUG 325 --- [gymhub] [           main] org.hibernate.type.BasicTypeRegistry     : Adding type registration timezone -> org.hibernate.type.BasicTypeReference@376af784
2024-09-15T16:21:25.742+07:00 DEBUG 325 --- [gymhub] [           main] org.hibernate.type.BasicTypeRegistry     : Adding type registration java.util.TimeZone -> org.hibernate.type.BasicTypeReference@376af784
2024-09-15T16:21:25.743+07:00 DEBUG 325 --- [gymhub] [           main] org.hibernate.type.BasicTypeRegistry     : Adding type registration ZoneOffset -> org.hibernate.type.BasicTypeReference@a9a8ec3
2024-09-15T16:21:25.743+07:00 DEBUG 325 --- [gymhub] [           main] org.hibernate.type.BasicTypeRegistry     : Adding type registration java.time.ZoneOffset -> org.hibernate.type.BasicTypeReference@a9a8ec3
2024-09-15T16:21:25.743+07:00 DEBUG 325 --- [gymhub] [           main] org.hibernate.type.BasicTypeRegistry     : Adding type registration url -> org.hibernate.type.BasicTypeReference@6d0114c0
2024-09-15T16:21:25.743+07:00 DEBUG 325 --- [gymhub] [           main] org.hibernate.type.BasicTypeRegistry     : Adding type registration java.net.URL -> org.hibernate.type.BasicTypeReference@6d0114c0
2024-09-15T16:21:25.743+07:00 DEBUG 325 --- [gymhub] [           main] org.hibernate.type.BasicTypeRegistry     : Adding type registration row_version -> org.hibernate.type.BasicTypeReference@40016ce1
2024-09-15T16:21:25.753+07:00 DEBUG 325 --- [gymhub] [           main] org.hibernate.type.BasicTypeRegistry     : Adding type registration object -> org.hibernate.type.JavaObjectType@40f1aa95
2024-09-15T16:21:25.754+07:00 DEBUG 325 --- [gymhub] [           main] org.hibernate.type.BasicTypeRegistry     : Adding type registration java.lang.Object -> org.hibernate.type.JavaObjectType@40f1aa95
2024-09-15T16:21:25.757+07:00 DEBUG 325 --- [gymhub] [           main] org.hibernate.type.BasicTypeRegistry     : Adding type registration null -> org.hibernate.type.NullType@bd4ee01
2024-09-15T16:21:25.758+07:00 DEBUG 325 --- [gymhub] [           main] org.hibernate.type.BasicTypeRegistry     : Adding type registration imm_date -> org.hibernate.type.BasicTypeReference@7f93f4c
2024-09-15T16:21:25.758+07:00 DEBUG 325 --- [gymhub] [           main] org.hibernate.type.BasicTypeRegistry     : Adding type registration imm_time -> org.hibernate.type.BasicTypeReference@598657cd
2024-09-15T16:21:25.759+07:00 DEBUG 325 --- [gymhub] [           main] org.hibernate.type.BasicTypeRegistry     : Adding type registration imm_timestamp -> org.hibernate.type.BasicTypeReference@456aa471
2024-09-15T16:21:25.759+07:00 DEBUG 325 --- [gymhub] [           main] org.hibernate.type.BasicTypeRegistry     : Adding type registration imm_calendar -> org.hibernate.type.BasicTypeReference@69e2fe3b
2024-09-15T16:21:25.759+07:00 DEBUG 325 --- [gymhub] [           main] org.hibernate.type.BasicTypeRegistry     : Adding type registration imm_calendar_date -> org.hibernate.type.BasicTypeReference@27afbf14
2024-09-15T16:21:25.759+07:00 DEBUG 325 --- [gymhub] [           main] org.hibernate.type.BasicTypeRegistry     : Adding type registration imm_calendar_time -> org.hibernate.type.BasicTypeReference@4cfcac13
2024-09-15T16:21:25.759+07:00 DEBUG 325 --- [gymhub] [           main] org.hibernate.type.BasicTypeRegistry     : Adding type registration imm_binary -> org.hibernate.type.BasicTypeReference@5c25d0d1
2024-09-15T16:21:25.759+07:00 DEBUG 325 --- [gymhub] [           main] org.hibernate.type.BasicTypeRegistry     : Adding type registration imm_serializable -> org.hibernate.type.BasicTypeReference@22c8ee48
2024-09-15T16:21:25.799+07:00  INFO 325 --- [gymhub] [           main] o.h.b.i.BytecodeProviderInitiator        : HHH000021: Bytecode provider name : bytebuddy
2024-09-15T16:21:25.916+07:00  INFO 325 --- [gymhub] [           main] o.s.o.j.p.SpringPersistenceUnitInfo      : No LoadTimeWeaver setup: ignoring JPA class transformer
2024-09-15T16:21:25.928+07:00  INFO 325 --- [gymhub] [           main] com.zaxxer.hikari.HikariDataSource       : HikariPool-1 - Starting...
2024-09-15T16:21:29.046+07:00  INFO 325 --- [gymhub] [           main] com.zaxxer.hikari.pool.HikariPool        : HikariPool-1 - Added connection org.postgresql.jdbc.PgConnection@69c1ea07
2024-09-15T16:21:29.049+07:00  INFO 325 --- [gymhub] [           main] com.zaxxer.hikari.HikariDataSource       : HikariPool-1 - Start completed.
2024-09-15T16:21:30.262+07:00 DEBUG 325 --- [gymhub] [           main] o.h.t.d.sql.spi.DdlTypeRegistry          : addDescriptor(6, org.hibernate.type.descriptor.sql.internal.CapacityDependentDdlType@1868ed54) replaced previous registration(org.hibernate.type.descriptor.sql.internal.DdlTypeImpl@131777e8)
2024-09-15T16:21:30.263+07:00 DEBUG 325 --- [gymhub] [           main] o.h.t.d.jdbc.spi.JdbcTypeRegistry        : addDescriptor(2004, BlobTypeDescriptor(BLOB_BINDING)) replaced previous registration(BlobTypeDescriptor(DEFAULT))
2024-09-15T16:21:30.263+07:00 DEBUG 325 --- [gymhub] [           main] o.h.t.d.jdbc.spi.JdbcTypeRegistry        : addDescriptor(2005, ClobTypeDescriptor(CLOB_BINDING)) replaced previous registration(ClobTypeDescriptor(DEFAULT))
2024-09-15T16:21:30.266+07:00 DEBUG 325 --- [gymhub] [           main] org.hibernate.type.BasicTypeRegistry     : Adding type registration JAVA_OBJECT -> org.hibernate.type.JavaObjectType@1c610f
2024-09-15T16:21:30.266+07:00 DEBUG 325 --- [gymhub] [           main] org.hibernate.type.BasicTypeRegistry     : Adding type registration java.lang.Object -> org.hibernate.type.JavaObjectType@1c610f
2024-09-15T16:21:30.266+07:00 DEBUG 325 --- [gymhub] [           main] org.hibernate.type.BasicTypeRegistry     : Type registration key [java.lang.Object] overrode previous entry : `org.hibernate.type.JavaObjectType@40f1aa95`
2024-09-15T16:21:30.267+07:00 DEBUG 325 --- [gymhub] [           main] o.h.t.d.jdbc.spi.JdbcTypeRegistry        : addDescriptor(3100, NumericTypeDescriptor) replaced previous registration(org.hibernate.dialect.PostgreSQLIntervalSecondJdbcType@7296fe0b)
2024-09-15T16:21:30.269+07:00 DEBUG 325 --- [gymhub] [           main] org.hibernate.type.BasicTypeRegistry     : Adding type registration org.hibernate.type.OffsetDateTimeType -> basicType@1(java.time.OffsetDateTime,3003)
2024-09-15T16:21:30.269+07:00 DEBUG 325 --- [gymhub] [           main] org.hibernate.type.BasicTypeRegistry     : Adding type registration OffsetDateTime -> basicType@1(java.time.OffsetDateTime,3003)
2024-09-15T16:21:30.269+07:00 DEBUG 325 --- [gymhub] [           main] org.hibernate.type.BasicTypeRegistry     : Adding type registration java.time.OffsetDateTime -> basicType@1(java.time.OffsetDateTime,3003)
2024-09-15T16:21:30.269+07:00 DEBUG 325 --- [gymhub] [           main] org.hibernate.type.BasicTypeRegistry     : Adding type registration org.hibernate.type.ZonedDateTimeType -> basicType@2(java.time.ZonedDateTime,3003)
2024-09-15T16:21:30.269+07:00 DEBUG 325 --- [gymhub] [           main] org.hibernate.type.BasicTypeRegistry     : Adding type registration ZonedDateTime -> basicType@2(java.time.ZonedDateTime,3003)
2024-09-15T16:21:30.269+07:00 DEBUG 325 --- [gymhub] [           main] org.hibernate.type.BasicTypeRegistry     : Adding type registration java.time.ZonedDateTime -> basicType@2(java.time.ZonedDateTime,3003)
2024-09-15T16:21:30.269+07:00 DEBUG 325 --- [gymhub] [           main] org.hibernate.type.BasicTypeRegistry     : Adding type registration org.hibernate.type.OffsetTimeType -> basicType@3(java.time.OffsetTime,3007)
2024-09-15T16:21:30.270+07:00 DEBUG 325 --- [gymhub] [           main] org.hibernate.type.BasicTypeRegistry     : Adding type registration OffsetTime -> basicType@3(java.time.OffsetTime,3007)
2024-09-15T16:21:30.270+07:00 DEBUG 325 --- [gymhub] [           main] org.hibernate.type.BasicTypeRegistry     : Adding type registration java.time.OffsetTime -> basicType@3(java.time.OffsetTime,3007)
2024-09-15T16:21:30.270+07:00 DEBUG 325 --- [gymhub] [           main] o.h.type.spi.TypeConfiguration$Scope     : Scoping TypeConfiguration [org.hibernate.type.spi.TypeConfiguration@5c9e3d01] to MetadataBuildingContext [org.hibernate.boot.internal.MetadataBuildingContextRootImpl@1dc9f5ad]
2024-09-15T16:21:30.393+07:00  INFO 325 --- [gymhub] [           main] o.h.b.i.BytecodeProviderInitiator        : HHH000021: Bytecode provider name : bytebuddy
2024-09-15T16:21:30.813+07:00  INFO 325 --- [gymhub] [           main] o.h.e.t.j.p.i.JtaPlatformInitiator       : HHH000490: Using JtaPlatform implementation: [org.hibernate.engine.transaction.jta.platform.internal.NoJtaPlatform]
2024-09-15T16:21:30.813+07:00 DEBUG 325 --- [gymhub] [           main] o.h.type.spi.TypeConfiguration$Scope     : Scoping TypeConfiguration [org.hibernate.type.spi.TypeConfiguration@5c9e3d01] to SessionFactoryImplementor [org.hibernate.internal.SessionFactoryImpl@524418a2]
2024-09-15T16:21:30.814+07:00 TRACE 325 --- [gymhub] [           main] o.h.type.spi.TypeConfiguration$Scope     : Handling #sessionFactoryCreated from [org.hibernate.internal.SessionFactoryImpl@524418a2] for TypeConfiguration
2024-09-15T16:21:30.814+07:00  INFO 325 --- [gymhub] [           main] j.LocalContainerEntityManagerFactoryBean : Initialized JPA EntityManagerFactory for persistence unit 'default'
2024-09-15T16:21:30.945+07:00  INFO 325 --- [gymhub] [           main] o.s.d.j.r.query.QueryEnhancerFactory     : Hibernate is in classpath; If applicable, HQL parser will be used.
Finished Reading
2024-09-15T16:21:31.378+07:00  WARN 325 --- [gymhub] [           main] JpaBaseConfiguration$JpaWebConfiguration : spring.jpa.open-in-view is enabled by default. Therefore, database queries may be performed during view rendering. Explicitly configure spring.jpa.open-in-view to disable this warning
2024-09-15T16:21:31.401+07:00  INFO 325 --- [gymhub] [           main] eAuthenticationProviderManagerConfigurer : Global AuthenticationManager configured with AuthenticationProvider bean with name authenticationProvider
2024-09-15T16:21:31.402+07:00  WARN 325 --- [gymhub] [           main] r$InitializeUserDetailsManagerConfigurer : Global AuthenticationManager configured with an AuthenticationProvider bean. UserDetailsService beans will not be used for username/password login. Consider removing the AuthenticationProvider bean. Alternatively, consider using the UserDetailsService in a manually instantiated DaoAuthenticationProvider.
2024-09-15T16:21:31.641+07:00  WARN 325 --- [gymhub] [           main] o.s.s.c.a.web.builders.WebSecurity       : 

********************************************************************
**********        Security debugging is enabled.       *************
**********    This may include sensitive information.  *************
**********      Do not use in a production system!     *************
********************************************************************


2024-09-15T16:21:32.077+07:00  INFO 325 --- [gymhub] [           main] c.gymhub.gymhub.GymhubApplicationTests   : Started GymhubApplicationTests in 7.392 seconds (process running for 7.842)
]]></system-out>
  </testcase>
</testsuite>