<?xml version="1.0" encoding="UTF-8"?>
<testsuite xmlns:xsi="http://www.w3.org/2001/XMLSchema-instance" xsi:noNamespaceSchemaLocation="https://maven.apache.org/surefire/maven-surefire-plugin/xsd/surefire-test-report-3.0.xsd" version="3.0" name="com.gymhub.gymhub.service.ThreadServiceTest" time="0.001" tests="1" errors="0" skipped="0" failures="0">
  <properties>
    <property name="java.specification.version" value="17"/>
    <property name="sun.jnu.encoding" value="UTF-8"/>
    <property name="java.class.path" value="/Users/nguyenhuynhquang2909/Documents/gymhub-server/target/test-classes:/Users/nguyenhuynhquang2909/Documents/gymhub-server/target/classes:/Users/nguyenhuynhquang2909/.m2/repository/org/springframework/boot/spring-boot-devtools/3.3.1/spring-boot-devtools-3.3.1.jar:/Users/nguyenhuynhquang2909/.m2/repository/org/springframework/boot/spring-boot/3.3.1/spring-boot-3.3.1.jar:/Users/nguyenhuynhquang2909/.m2/repository/org/springframework/spring-context/6.1.10/spring-context-6.1.10.jar:/Users/nguyenhuynhquang2909/.m2/repository/org/springframework/boot/spring-boot-autoconfigure/3.3.1/spring-boot-autoconfigure-3.3.1.jar:/Users/nguyenhuynhquang2909/.m2/repository/org/springframework/boot/spring-boot-starter-web/3.3.1/spring-boot-starter-web-3.3.1.jar:/Users/nguyenhuynhquang2909/.m2/repository/org/springframework/boot/spring-boot-starter/3.3.1/spring-boot-starter-3.3.1.jar:/Users/nguyenhuynhquang2909/.m2/repository/org/springframework/boot/spring-boot-starter-logging/3.3.1/spring-boot-starter-logging-3.3.1.jar:/Users/nguyenhuynhquang2909/.m2/repository/ch/qos/logback/logback-classic/1.5.6/logback-classic-1.5.6.jar:/Users/nguyenhuynhquang2909/.m2/repository/ch/qos/logback/logback-core/1.5.6/logback-core-1.5.6.jar:/Users/nguyenhuynhquang2909/.m2/repository/org/apache/logging/log4j/log4j-to-slf4j/2.23.1/log4j-to-slf4j-2.23.1.jar:/Users/nguyenhuynhquang2909/.m2/repository/org/apache/logging/log4j/log4j-api/2.23.1/log4j-api-2.23.1.jar:/Users/nguyenhuynhquang2909/.m2/repository/org/slf4j/jul-to-slf4j/2.0.13/jul-to-slf4j-2.0.13.jar:/Users/nguyenhuynhquang2909/.m2/repository/jakarta/annotation/jakarta.annotation-api/2.1.1/jakarta.annotation-api-2.1.1.jar:/Users/nguyenhuynhquang2909/.m2/repository/org/yaml/snakeyaml/2.2/snakeyaml-2.2.jar:/Users/nguyenhuynhquang2909/.m2/repository/org/springframework/boot/spring-boot-starter-json/3.3.1/spring-boot-starter-json-3.3.1.jar:/Users/nguyenhuynhquang2909/.m2/repository/com/fasterxml/jackson/datatype/jackson-datatype-jdk8/2.17.1/jackson-datatype-jdk8-2.17.1.jar:/Users/nguyenhuynhquang2909/.m2/repository/com/fasterxml/jackson/datatype/jackson-datatype-jsr310/2.17.1/jackson-datatype-jsr310-2.17.1.jar:/Users/nguyenhuynhquang2909/.m2/repository/com/fasterxml/jackson/module/jackson-module-parameter-names/2.17.1/jackson-module-parameter-names-2.17.1.jar:/Users/nguyenhuynhquang2909/.m2/repository/org/springframework/boot/spring-boot-starter-tomcat/3.3.1/spring-boot-starter-tomcat-3.3.1.jar:/Users/nguyenhuynhquang2909/.m2/repository/org/apache/tomcat/embed/tomcat-embed-core/10.1.25/tomcat-embed-core-10.1.25.jar:/Users/nguyenhuynhquang2909/.m2/repository/org/apache/tomcat/embed/tomcat-embed-websocket/10.1.25/tomcat-embed-websocket-10.1.25.jar:/Users/nguyenhuynhquang2909/.m2/repository/org/springframework/spring-web/6.1.10/spring-web-6.1.10.jar:/Users/nguyenhuynhquang2909/.m2/repository/org/springframework/spring-beans/6.1.10/spring-beans-6.1.10.jar:/Users/nguyenhuynhquang2909/.m2/repository/io/micrometer/micrometer-observation/1.13.1/micrometer-observation-1.13.1.jar:/Users/nguyenhuynhquang2909/.m2/repository/io/micrometer/micrometer-commons/1.13.1/micrometer-commons-1.13.1.jar:/Users/nguyenhuynhquang2909/.m2/repository/org/springframework/spring-webmvc/6.1.10/spring-webmvc-6.1.10.jar:/Users/nguyenhuynhquang2909/.m2/repository/org/springframework/spring-expression/6.1.10/spring-expression-6.1.10.jar:/Users/nguyenhuynhquang2909/.m2/repository/org/hibernate/orm/hibernate-core/6.2.3.Final/hibernate-core-6.2.3.Final.jar:/Users/nguyenhuynhquang2909/.m2/repository/jakarta/persistence/jakarta.persistence-api/3.1.0/jakarta.persistence-api-3.1.0.jar:/Users/nguyenhuynhquang2909/.m2/repository/jakarta/transaction/jakarta.transaction-api/2.0.1/jakarta.transaction-api-2.0.1.jar:/Users/nguyenhuynhquang2909/.m2/repository/org/jboss/logging/jboss-logging/3.5.3.Final/jboss-logging-3.5.3.Final.jar:/Users/nguyenhuynhquang2909/.m2/repository/org/hibernate/common/hibernate-commons-annotations/6.0.6.Final/hibernate-commons-annotations-6.0.6.Final.jar:/Users/nguyenhuynhquang2909/.m2/repository/io/smallrye/jandex/3.0.5/jandex-3.0.5.jar:/Users/nguyenhuynhquang2909/.m2/repository/com/fasterxml/classmate/1.7.0/classmate-1.7.0.jar:/Users/nguyenhuynhquang2909/.m2/repository/net/bytebuddy/byte-buddy/1.14.17/byte-buddy-1.14.17.jar:/Users/nguyenhuynhquang2909/.m2/repository/jakarta/inject/jakarta.inject-api/2.0.1/jakarta.inject-api-2.0.1.jar:/Users/nguyenhuynhquang2909/.m2/repository/org/antlr/antlr4-runtime/4.10.1/antlr4-runtime-4.10.1.jar:/Users/nguyenhuynhquang2909/.m2/repository/org/projectlombok/lombok/1.18.32/lombok-1.18.32.jar:/Users/nguyenhuynhquang2909/.m2/repository/org/springframework/boot/spring-boot-starter-test/3.3.1/spring-boot-starter-test-3.3.1.jar:/Users/nguyenhuynhquang2909/.m2/repository/org/springframework/boot/spring-boot-test/3.3.1/spring-boot-test-3.3.1.jar:/Users/nguyenhuynhquang2909/.m2/repository/org/springframework/boot/spring-boot-test-autoconfigure/3.3.1/spring-boot-test-autoconfigure-3.3.1.jar:/Users/nguyenhuynhquang2909/.m2/repository/com/jayway/jsonpath/json-path/2.9.0/json-path-2.9.0.jar:/Users/nguyenhuynhquang2909/.m2/repository/org/slf4j/slf4j-api/2.0.13/slf4j-api-2.0.13.jar:/Users/nguyenhuynhquang2909/.m2/repository/net/minidev/json-smart/2.5.1/json-smart-2.5.1.jar:/Users/nguyenhuynhquang2909/.m2/repository/net/minidev/accessors-smart/2.5.1/accessors-smart-2.5.1.jar:/Users/nguyenhuynhquang2909/.m2/repository/org/ow2/asm/asm/9.6/asm-9.6.jar:/Users/nguyenhuynhquang2909/.m2/repository/org/assertj/assertj-core/3.25.3/assertj-core-3.25.3.jar:/Users/nguyenhuynhquang2909/.m2/repository/org/awaitility/awaitility/4.2.1/awaitility-4.2.1.jar:/Users/nguyenhuynhquang2909/.m2/repository/org/hamcrest/hamcrest/2.2/hamcrest-2.2.jar:/Users/nguyenhuynhquang2909/.m2/repository/org/junit/jupiter/junit-jupiter/5.10.2/junit-jupiter-5.10.2.jar:/Users/nguyenhuynhquang2909/.m2/repository/org/junit/jupiter/junit-jupiter-api/5.10.2/junit-jupiter-api-5.10.2.jar:/Users/nguyenhuynhquang2909/.m2/repository/org/opentest4j/opentest4j/1.3.0/opentest4j-1.3.0.jar:/Users/nguyenhuynhquang2909/.m2/repository/org/junit/platform/junit-platform-commons/1.10.2/junit-platform-commons-1.10.2.jar:/Users/nguyenhuynhquang2909/.m2/repository/org/apiguardian/apiguardian-api/1.1.2/apiguardian-api-1.1.2.jar:/Users/nguyenhuynhquang2909/.m2/repository/org/junit/jupiter/junit-jupiter-params/5.10.2/junit-jupiter-params-5.10.2.jar:/Users/nguyenhuynhquang2909/.m2/repository/org/junit/jupiter/junit-jupiter-engine/5.10.2/junit-jupiter-engine-5.10.2.jar:/Users/nguyenhuynhquang2909/.m2/repository/org/junit/platform/junit-platform-engine/1.10.2/junit-platform-engine-1.10.2.jar:/Users/nguyenhuynhquang2909/.m2/repository/org/mockito/mockito-core/5.11.0/mockito-core-5.11.0.jar:/Users/nguyenhuynhquang2909/.m2/repository/net/bytebuddy/byte-buddy-agent/1.14.17/byte-buddy-agent-1.14.17.jar:/Users/nguyenhuynhquang2909/.m2/repository/org/objenesis/objenesis/3.3/objenesis-3.3.jar:/Users/nguyenhuynhquang2909/.m2/repository/org/mockito/mockito-junit-jupiter/5.11.0/mockito-junit-jupiter-5.11.0.jar:/Users/nguyenhuynhquang2909/.m2/repository/org/skyscreamer/jsonassert/1.5.1/jsonassert-1.5.1.jar:/Users/nguyenhuynhquang2909/.m2/repository/com/vaadin/external/google/android-json/0.0.20131108.vaadin1/android-json-0.0.20131108.vaadin1.jar:/Users/nguyenhuynhquang2909/.m2/repository/org/springframework/spring-core/6.1.10/spring-core-6.1.10.jar:/Users/nguyenhuynhquang2909/.m2/repository/org/springframework/spring-jcl/6.1.10/spring-jcl-6.1.10.jar:/Users/nguyenhuynhquang2909/.m2/repository/org/springframework/spring-test/6.1.10/spring-test-6.1.10.jar:/Users/nguyenhuynhquang2909/.m2/repository/org/xmlunit/xmlunit-core/2.9.1/xmlunit-core-2.9.1.jar:/Users/nguyenhuynhquang2909/.m2/repository/com/google/code/gson/gson/2.10.1/gson-2.10.1.jar:/Users/nguyenhuynhquang2909/.m2/repository/jakarta/xml/bind/jakarta.xml.bind-api/4.0.2/jakarta.xml.bind-api-4.0.2.jar:/Users/nguyenhuynhquang2909/.m2/repository/jakarta/activation/jakarta.activation-api/2.1.3/jakarta.activation-api-2.1.3.jar:/Users/nguyenhuynhquang2909/.m2/repository/org/glassfish/jaxb/jaxb-runtime/4.0.2/jaxb-runtime-4.0.2.jar:/Users/nguyenhuynhquang2909/.m2/repository/org/glassfish/jaxb/jaxb-core/4.0.5/jaxb-core-4.0.5.jar:/Users/nguyenhuynhquang2909/.m2/repository/org/eclipse/angus/angus-activation/2.0.2/angus-activation-2.0.2.jar:/Users/nguyenhuynhquang2909/.m2/repository/org/glassfish/jaxb/txw2/4.0.5/txw2-4.0.5.jar:/Users/nguyenhuynhquang2909/.m2/repository/com/sun/istack/istack-commons-runtime/4.1.2/istack-commons-runtime-4.1.2.jar:/Users/nguyenhuynhquang2909/.m2/repository/io/lettuce/lettuce-core/6.3.2.RELEASE/lettuce-core-6.3.2.RELEASE.jar:/Users/nguyenhuynhquang2909/.m2/repository/io/netty/netty-common/4.1.111.Final/netty-common-4.1.111.Final.jar:/Users/nguyenhuynhquang2909/.m2/repository/io/netty/netty-handler/4.1.111.Final/netty-handler-4.1.111.Final.jar:/Users/nguyenhuynhquang2909/.m2/repository/io/netty/netty-resolver/4.1.111.Final/netty-resolver-4.1.111.Final.jar:/Users/nguyenhuynhquang2909/.m2/repository/io/netty/netty-buffer/4.1.111.Final/netty-buffer-4.1.111.Final.jar:/Users/nguyenhuynhquang2909/.m2/repository/io/netty/netty-transport-native-unix-common/4.1.111.Final/netty-transport-native-unix-common-4.1.111.Final.jar:/Users/nguyenhuynhquang2909/.m2/repository/io/netty/netty-codec/4.1.111.Final/netty-codec-4.1.111.Final.jar:/Users/nguyenhuynhquang2909/.m2/repository/io/netty/netty-transport/4.1.111.Final/netty-transport-4.1.111.Final.jar:/Users/nguyenhuynhquang2909/.m2/repository/io/projectreactor/reactor-core/3.6.7/reactor-core-3.6.7.jar:/Users/nguyenhuynhquang2909/.m2/repository/org/reactivestreams/reactive-streams/1.0.4/reactive-streams-1.0.4.jar:/Users/nguyenhuynhquang2909/.m2/repository/org/springframework/boot/spring-boot-starter-mail/3.3.1/spring-boot-starter-mail-3.3.1.jar:/Users/nguyenhuynhquang2909/.m2/repository/org/springframework/spring-context-support/6.1.10/spring-context-support-6.1.10.jar:/Users/nguyenhuynhquang2909/.m2/repository/org/eclipse/angus/jakarta.mail/2.0.3/jakarta.mail-2.0.3.jar:/Users/nguyenhuynhquang2909/.m2/repository/org/springframework/boot/spring-boot-starter-oauth2-client/3.3.1/spring-boot-starter-oauth2-client-3.3.1.jar:/Users/nguyenhuynhquang2909/.m2/repository/org/springframework/security/spring-security-config/6.3.1/spring-security-config-6.3.1.jar:/Users/nguyenhuynhquang2909/.m2/repository/org/springframework/security/spring-security-core/6.3.1/spring-security-core-6.3.1.jar:/Users/nguyenhuynhquang2909/.m2/repository/org/springframework/security/spring-security-crypto/6.3.1/spring-security-crypto-6.3.1.jar:/Users/nguyenhuynhquang2909/.m2/repository/org/springframework/security/spring-security-oauth2-client/6.3.1/spring-security-oauth2-client-6.3.1.jar:/Users/nguyenhuynhquang2909/.m2/repository/org/springframework/security/spring-security-oauth2-core/6.3.1/spring-security-oauth2-core-6.3.1.jar:/Users/nguyenhuynhquang2909/.m2/repository/com/nimbusds/oauth2-oidc-sdk/9.43.4/oauth2-oidc-sdk-9.43.4.jar:/Users/nguyenhuynhquang2909/.m2/repository/com/github/stephenc/jcip/jcip-annotations/1.0-1/jcip-annotations-1.0-1.jar:/Users/nguyenhuynhquang2909/.m2/repository/com/nimbusds/content-type/2.2/content-type-2.2.jar:/Users/nguyenhuynhquang2909/.m2/repository/com/nimbusds/lang-tag/1.7/lang-tag-1.7.jar:/Users/nguyenhuynhquang2909/.m2/repository/org/springframework/security/spring-security-oauth2-jose/6.3.1/spring-security-oauth2-jose-6.3.1.jar:/Users/nguyenhuynhquang2909/.m2/repository/com/nimbusds/nimbus-jose-jwt/9.37.3/nimbus-jose-jwt-9.37.3.jar:/Users/nguyenhuynhquang2909/.m2/repository/org/springframework/boot/spring-boot-starter-security/3.3.1/spring-boot-starter-security-3.3.1.jar:/Users/nguyenhuynhquang2909/.m2/repository/org/springframework/spring-aop/6.1.10/spring-aop-6.1.10.jar:/Users/nguyenhuynhquang2909/.m2/repository/org/springframework/security/spring-security-web/6.3.1/spring-security-web-6.3.1.jar:/Users/nguyenhuynhquang2909/.m2/repository/org/springframework/boot/spring-boot-starter-validation/3.3.1/spring-boot-starter-validation-3.3.1.jar:/Users/nguyenhuynhquang2909/.m2/repository/org/apache/tomcat/embed/tomcat-embed-el/10.1.25/tomcat-embed-el-10.1.25.jar:/Users/nguyenhuynhquang2909/.m2/repository/org/hibernate/validator/hibernate-validator/8.0.1.Final/hibernate-validator-8.0.1.Final.jar:/Users/nguyenhuynhquang2909/.m2/repository/jakarta/validation/jakarta.validation-api/3.0.2/jakarta.validation-api-3.0.2.jar:/Users/nguyenhuynhquang2909/.m2/repository/org/springframework/session/spring-session-data-redis/3.3.1/spring-session-data-redis-3.3.1.jar:/Users/nguyenhuynhquang2909/.m2/repository/org/springframework/session/spring-session-core/3.3.1/spring-session-core-3.3.1.jar:/Users/nguyenhuynhquang2909/.m2/repository/org/springframework/data/spring-data-redis/3.3.1/spring-data-redis-3.3.1.jar:/Users/nguyenhuynhquang2909/.m2/repository/org/springframework/data/spring-data-keyvalue/3.3.1/spring-data-keyvalue-3.3.1.jar:/Users/nguyenhuynhquang2909/.m2/repository/org/springframework/spring-tx/6.1.10/spring-tx-6.1.10.jar:/Users/nguyenhuynhquang2909/.m2/repository/org/springframework/spring-oxm/6.1.10/spring-oxm-6.1.10.jar:/Users/nguyenhuynhquang2909/.m2/repository/org/postgresql/postgresql/42.7.3/postgresql-42.7.3.jar:/Users/nguyenhuynhquang2909/.m2/repository/org/checkerframework/checker-qual/3.42.0/checker-qual-3.42.0.jar:/Users/nguyenhuynhquang2909/.m2/repository/org/springframework/security/spring-security-test/6.3.1/spring-security-test-6.3.1.jar:/Users/nguyenhuynhquang2909/.m2/repository/org/springframework/boot/spring-boot-starter-data-jpa/3.3.1/spring-boot-starter-data-jpa-3.3.1.jar:/Users/nguyenhuynhquang2909/.m2/repository/org/springframework/boot/spring-boot-starter-aop/3.3.1/spring-boot-starter-aop-3.3.1.jar:/Users/nguyenhuynhquang2909/.m2/repository/org/aspectj/aspectjweaver/1.9.22/aspectjweaver-1.9.22.jar:/Users/nguyenhuynhquang2909/.m2/repository/org/springframework/boot/spring-boot-starter-jdbc/3.3.1/spring-boot-starter-jdbc-3.3.1.jar:/Users/nguyenhuynhquang2909/.m2/repository/com/zaxxer/HikariCP/5.1.0/HikariCP-5.1.0.jar:/Users/nguyenhuynhquang2909/.m2/repository/org/springframework/spring-jdbc/6.1.10/spring-jdbc-6.1.10.jar:/Users/nguyenhuynhquang2909/.m2/repository/org/springframework/data/spring-data-jpa/3.3.1/spring-data-jpa-3.3.1.jar:/Users/nguyenhuynhquang2909/.m2/repository/org/springframework/data/spring-data-commons/3.3.1/spring-data-commons-3.3.1.jar:/Users/nguyenhuynhquang2909/.m2/repository/org/springframework/spring-orm/6.1.10/spring-orm-6.1.10.jar:/Users/nguyenhuynhquang2909/.m2/repository/org/springframework/spring-aspects/6.1.10/spring-aspects-6.1.10.jar:/Users/nguyenhuynhquang2909/.m2/repository/org/springdoc/springdoc-openapi-starter-webmvc-ui/2.6.0/springdoc-openapi-starter-webmvc-ui-2.6.0.jar:/Users/nguyenhuynhquang2909/.m2/repository/org/springdoc/springdoc-openapi-starter-webmvc-api/2.6.0/springdoc-openapi-starter-webmvc-api-2.6.0.jar:/Users/nguyenhuynhquang2909/.m2/repository/org/springdoc/springdoc-openapi-starter-common/2.6.0/springdoc-openapi-starter-common-2.6.0.jar:/Users/nguyenhuynhquang2909/.m2/repository/io/swagger/core/v3/swagger-core-jakarta/2.2.22/swagger-core-jakarta-2.2.22.jar:/Users/nguyenhuynhquang2909/.m2/repository/org/apache/commons/commons-lang3/3.14.0/commons-lang3-3.14.0.jar:/Users/nguyenhuynhquang2909/.m2/repository/io/swagger/core/v3/swagger-annotations-jakarta/2.2.22/swagger-annotations-jakarta-2.2.22.jar:/Users/nguyenhuynhquang2909/.m2/repository/io/swagger/core/v3/swagger-models-jakarta/2.2.22/swagger-models-jakarta-2.2.22.jar:/Users/nguyenhuynhquang2909/.m2/repository/com/fasterxml/jackson/dataformat/jackson-dataformat-yaml/2.17.1/jackson-dataformat-yaml-2.17.1.jar:/Users/nguyenhuynhquang2909/.m2/repository/org/webjars/swagger-ui/5.17.14/swagger-ui-5.17.14.jar:/Users/nguyenhuynhquang2909/.m2/repository/io/jsonwebtoken/jjwt-api/0.11.2/jjwt-api-0.11.2.jar:/Users/nguyenhuynhquang2909/.m2/repository/io/jsonwebtoken/jjwt-impl/0.11.2/jjwt-impl-0.11.2.jar:/Users/nguyenhuynhquang2909/.m2/repository/io/jsonwebtoken/jjwt-jackson/0.11.2/jjwt-jackson-0.11.2.jar:/Users/nguyenhuynhquang2909/.m2/repository/com/fasterxml/jackson/core/jackson-databind/2.17.1/jackson-databind-2.17.1.jar:/Users/nguyenhuynhquang2909/.m2/repository/com/fasterxml/jackson/core/jackson-annotations/2.17.1/jackson-annotations-2.17.1.jar:/Users/nguyenhuynhquang2909/.m2/repository/com/fasterxml/jackson/core/jackson-core/2.17.1/jackson-core-2.17.1.jar:"/>
    <property name="java.vm.vendor" value="Oracle Corporation"/>
    <property name="sun.arch.data.model" value="64"/>
    <property name="java.vendor.url" value="https://java.oracle.com/"/>
    <property name="user.timezone" value="Asia/Ho_Chi_Minh"/>
    <property name="org.jboss.logging.provider" value="slf4j"/>
    <property name="os.name" value="Mac OS X"/>
    <property name="java.vm.specification.version" value="17"/>
    <property name="sun.java.launcher" value="SUN_STANDARD"/>
    <property name="user.country" value="VN"/>
    <property name="sun.boot.library.path" value="/Users/nguyenhuynhquang2909/.sdkman/candidates/java/17.0.1-open/lib"/>
    <property name="sun.java.command" value="/Users/nguyenhuynhquang2909/Documents/gymhub-server/target/surefire/surefirebooter-20240915162124169_3.jar /Users/nguyenhuynhquang2909/Documents/gymhub-server/target/surefire 2024-09-15T16-21-23_668-jvmRun1 surefire-20240915162124169_1tmp surefire_0-20240915162124169_2tmp"/>
    <property name="http.nonProxyHosts" value="local|*.local|169.254/16|*.169.254/16"/>
    <property name="jdk.debug" value="release"/>
    <property name="surefire.test.class.path" value="/Users/nguyenhuynhquang2909/Documents/gymhub-server/target/test-classes:/Users/nguyenhuynhquang2909/Documents/gymhub-server/target/classes:/Users/nguyenhuynhquang2909/.m2/repository/org/springframework/boot/spring-boot-devtools/3.3.1/spring-boot-devtools-3.3.1.jar:/Users/nguyenhuynhquang2909/.m2/repository/org/springframework/boot/spring-boot/3.3.1/spring-boot-3.3.1.jar:/Users/nguyenhuynhquang2909/.m2/repository/org/springframework/spring-context/6.1.10/spring-context-6.1.10.jar:/Users/nguyenhuynhquang2909/.m2/repository/org/springframework/boot/spring-boot-autoconfigure/3.3.1/spring-boot-autoconfigure-3.3.1.jar:/Users/nguyenhuynhquang2909/.m2/repository/org/springframework/boot/spring-boot-starter-web/3.3.1/spring-boot-starter-web-3.3.1.jar:/Users/nguyenhuynhquang2909/.m2/repository/org/springframework/boot/spring-boot-starter/3.3.1/spring-boot-starter-3.3.1.jar:/Users/nguyenhuynhquang2909/.m2/repository/org/springframework/boot/spring-boot-starter-logging/3.3.1/spring-boot-starter-logging-3.3.1.jar:/Users/nguyenhuynhquang2909/.m2/repository/ch/qos/logback/logback-classic/1.5.6/logback-classic-1.5.6.jar:/Users/nguyenhuynhquang2909/.m2/repository/ch/qos/logback/logback-core/1.5.6/logback-core-1.5.6.jar:/Users/nguyenhuynhquang2909/.m2/repository/org/apache/logging/log4j/log4j-to-slf4j/2.23.1/log4j-to-slf4j-2.23.1.jar:/Users/nguyenhuynhquang2909/.m2/repository/org/apache/logging/log4j/log4j-api/2.23.1/log4j-api-2.23.1.jar:/Users/nguyenhuynhquang2909/.m2/repository/org/slf4j/jul-to-slf4j/2.0.13/jul-to-slf4j-2.0.13.jar:/Users/nguyenhuynhquang2909/.m2/repository/jakarta/annotation/jakarta.annotation-api/2.1.1/jakarta.annotation-api-2.1.1.jar:/Users/nguyenhuynhquang2909/.m2/repository/org/yaml/snakeyaml/2.2/snakeyaml-2.2.jar:/Users/nguyenhuynhquang2909/.m2/repository/org/springframework/boot/spring-boot-starter-json/3.3.1/spring-boot-starter-json-3.3.1.jar:/Users/nguyenhuynhquang2909/.m2/repository/com/fasterxml/jackson/datatype/jackson-datatype-jdk8/2.17.1/jackson-datatype-jdk8-2.17.1.jar:/Users/nguyenhuynhquang2909/.m2/repository/com/fasterxml/jackson/datatype/jackson-datatype-jsr310/2.17.1/jackson-datatype-jsr310-2.17.1.jar:/Users/nguyenhuynhquang2909/.m2/repository/com/fasterxml/jackson/module/jackson-module-parameter-names/2.17.1/jackson-module-parameter-names-2.17.1.jar:/Users/nguyenhuynhquang2909/.m2/repository/org/springframework/boot/spring-boot-starter-tomcat/3.3.1/spring-boot-starter-tomcat-3.3.1.jar:/Users/nguyenhuynhquang2909/.m2/repository/org/apache/tomcat/embed/tomcat-embed-core/10.1.25/tomcat-embed-core-10.1.25.jar:/Users/nguyenhuynhquang2909/.m2/repository/org/apache/tomcat/embed/tomcat-embed-websocket/10.1.25/tomcat-embed-websocket-10.1.25.jar:/Users/nguyenhuynhquang2909/.m2/repository/org/springframework/spring-web/6.1.10/spring-web-6.1.10.jar:/Users/nguyenhuynhquang2909/.m2/repository/org/springframework/spring-beans/6.1.10/spring-beans-6.1.10.jar:/Users/nguyenhuynhquang2909/.m2/repository/io/micrometer/micrometer-observation/1.13.1/micrometer-observation-1.13.1.jar:/Users/nguyenhuynhquang2909/.m2/repository/io/micrometer/micrometer-commons/1.13.1/micrometer-commons-1.13.1.jar:/Users/nguyenhuynhquang2909/.m2/repository/org/springframework/spring-webmvc/6.1.10/spring-webmvc-6.1.10.jar:/Users/nguyenhuynhquang2909/.m2/repository/org/springframework/spring-expression/6.1.10/spring-expression-6.1.10.jar:/Users/nguyenhuynhquang2909/.m2/repository/org/hibernate/orm/hibernate-core/6.2.3.Final/hibernate-core-6.2.3.Final.jar:/Users/nguyenhuynhquang2909/.m2/repository/jakarta/persistence/jakarta.persistence-api/3.1.0/jakarta.persistence-api-3.1.0.jar:/Users/nguyenhuynhquang2909/.m2/repository/jakarta/transaction/jakarta.transaction-api/2.0.1/jakarta.transaction-api-2.0.1.jar:/Users/nguyenhuynhquang2909/.m2/repository/org/jboss/logging/jboss-logging/3.5.3.Final/jboss-logging-3.5.3.Final.jar:/Users/nguyenhuynhquang2909/.m2/repository/org/hibernate/common/hibernate-commons-annotations/6.0.6.Final/hibernate-commons-annotations-6.0.6.Final.jar:/Users/nguyenhuynhquang2909/.m2/repository/io/smallrye/jandex/3.0.5/jandex-3.0.5.jar:/Users/nguyenhuynhquang2909/.m2/repository/com/fasterxml/classmate/1.7.0/classmate-1.7.0.jar:/Users/nguyenhuynhquang2909/.m2/repository/net/bytebuddy/byte-buddy/1.14.17/byte-buddy-1.14.17.jar:/Users/nguyenhuynhquang2909/.m2/repository/jakarta/inject/jakarta.inject-api/2.0.1/jakarta.inject-api-2.0.1.jar:/Users/nguyenhuynhquang2909/.m2/repository/org/antlr/antlr4-runtime/4.10.1/antlr4-runtime-4.10.1.jar:/Users/nguyenhuynhquang2909/.m2/repository/org/projectlombok/lombok/1.18.32/lombok-1.18.32.jar:/Users/nguyenhuynhquang2909/.m2/repository/org/springframework/boot/spring-boot-starter-test/3.3.1/spring-boot-starter-test-3.3.1.jar:/Users/nguyenhuynhquang2909/.m2/repository/org/springframework/boot/spring-boot-test/3.3.1/spring-boot-test-3.3.1.jar:/Users/nguyenhuynhquang2909/.m2/repository/org/springframework/boot/spring-boot-test-autoconfigure/3.3.1/spring-boot-test-autoconfigure-3.3.1.jar:/Users/nguyenhuynhquang2909/.m2/repository/com/jayway/jsonpath/json-path/2.9.0/json-path-2.9.0.jar:/Users/nguyenhuynhquang2909/.m2/repository/org/slf4j/slf4j-api/2.0.13/slf4j-api-2.0.13.jar:/Users/nguyenhuynhquang2909/.m2/repository/net/minidev/json-smart/2.5.1/json-smart-2.5.1.jar:/Users/nguyenhuynhquang2909/.m2/repository/net/minidev/accessors-smart/2.5.1/accessors-smart-2.5.1.jar:/Users/nguyenhuynhquang2909/.m2/repository/org/ow2/asm/asm/9.6/asm-9.6.jar:/Users/nguyenhuynhquang2909/.m2/repository/org/assertj/assertj-core/3.25.3/assertj-core-3.25.3.jar:/Users/nguyenhuynhquang2909/.m2/repository/org/awaitility/awaitility/4.2.1/awaitility-4.2.1.jar:/Users/nguyenhuynhquang2909/.m2/repository/org/hamcrest/hamcrest/2.2/hamcrest-2.2.jar:/Users/nguyenhuynhquang2909/.m2/repository/org/junit/jupiter/junit-jupiter/5.10.2/junit-jupiter-5.10.2.jar:/Users/nguyenhuynhquang2909/.m2/repository/org/junit/jupiter/junit-jupiter-api/5.10.2/junit-jupiter-api-5.10.2.jar:/Users/nguyenhuynhquang2909/.m2/repository/org/opentest4j/opentest4j/1.3.0/opentest4j-1.3.0.jar:/Users/nguyenhuynhquang2909/.m2/repository/org/junit/platform/junit-platform-commons/1.10.2/junit-platform-commons-1.10.2.jar:/Users/nguyenhuynhquang2909/.m2/repository/org/apiguardian/apiguardian-api/1.1.2/apiguardian-api-1.1.2.jar:/Users/nguyenhuynhquang2909/.m2/repository/org/junit/jupiter/junit-jupiter-params/5.10.2/junit-jupiter-params-5.10.2.jar:/Users/nguyenhuynhquang2909/.m2/repository/org/junit/jupiter/junit-jupiter-engine/5.10.2/junit-jupiter-engine-5.10.2.jar:/Users/nguyenhuynhquang2909/.m2/repository/org/junit/platform/junit-platform-engine/1.10.2/junit-platform-engine-1.10.2.jar:/Users/nguyenhuynhquang2909/.m2/repository/org/mockito/mockito-core/5.11.0/mockito-core-5.11.0.jar:/Users/nguyenhuynhquang2909/.m2/repository/net/bytebuddy/byte-buddy-agent/1.14.17/byte-buddy-agent-1.14.17.jar:/Users/nguyenhuynhquang2909/.m2/repository/org/objenesis/objenesis/3.3/objenesis-3.3.jar:/Users/nguyenhuynhquang2909/.m2/repository/org/mockito/mockito-junit-jupiter/5.11.0/mockito-junit-jupiter-5.11.0.jar:/Users/nguyenhuynhquang2909/.m2/repository/org/skyscreamer/jsonassert/1.5.1/jsonassert-1.5.1.jar:/Users/nguyenhuynhquang2909/.m2/repository/com/vaadin/external/google/android-json/0.0.20131108.vaadin1/android-json-0.0.20131108.vaadin1.jar:/Users/nguyenhuynhquang2909/.m2/repository/org/springframework/spring-core/6.1.10/spring-core-6.1.10.jar:/Users/nguyenhuynhquang2909/.m2/repository/org/springframework/spring-jcl/6.1.10/spring-jcl-6.1.10.jar:/Users/nguyenhuynhquang2909/.m2/repository/org/springframework/spring-test/6.1.10/spring-test-6.1.10.jar:/Users/nguyenhuynhquang2909/.m2/repository/org/xmlunit/xmlunit-core/2.9.1/xmlunit-core-2.9.1.jar:/Users/nguyenhuynhquang2909/.m2/repository/com/google/code/gson/gson/2.10.1/gson-2.10.1.jar:/Users/nguyenhuynhquang2909/.m2/repository/jakarta/xml/bind/jakarta.xml.bind-api/4.0.2/jakarta.xml.bind-api-4.0.2.jar:/Users/nguyenhuynhquang2909/.m2/repository/jakarta/activation/jakarta.activation-api/2.1.3/jakarta.activation-api-2.1.3.jar:/Users/nguyenhuynhquang2909/.m2/repository/org/glassfish/jaxb/jaxb-runtime/4.0.2/jaxb-runtime-4.0.2.jar:/Users/nguyenhuynhquang2909/.m2/repository/org/glassfish/jaxb/jaxb-core/4.0.5/jaxb-core-4.0.5.jar:/Users/nguyenhuynhquang2909/.m2/repository/org/eclipse/angus/angus-activation/2.0.2/angus-activation-2.0.2.jar:/Users/nguyenhuynhquang2909/.m2/repository/org/glassfish/jaxb/txw2/4.0.5/txw2-4.0.5.jar:/Users/nguyenhuynhquang2909/.m2/repository/com/sun/istack/istack-commons-runtime/4.1.2/istack-commons-runtime-4.1.2.jar:/Users/nguyenhuynhquang2909/.m2/repository/io/lettuce/lettuce-core/6.3.2.RELEASE/lettuce-core-6.3.2.RELEASE.jar:/Users/nguyenhuynhquang2909/.m2/repository/io/netty/netty-common/4.1.111.Final/netty-common-4.1.111.Final.jar:/Users/nguyenhuynhquang2909/.m2/repository/io/netty/netty-handler/4.1.111.Final/netty-handler-4.1.111.Final.jar:/Users/nguyenhuynhquang2909/.m2/repository/io/netty/netty-resolver/4.1.111.Final/netty-resolver-4.1.111.Final.jar:/Users/nguyenhuynhquang2909/.m2/repository/io/netty/netty-buffer/4.1.111.Final/netty-buffer-4.1.111.Final.jar:/Users/nguyenhuynhquang2909/.m2/repository/io/netty/netty-transport-native-unix-common/4.1.111.Final/netty-transport-native-unix-common-4.1.111.Final.jar:/Users/nguyenhuynhquang2909/.m2/repository/io/netty/netty-codec/4.1.111.Final/netty-codec-4.1.111.Final.jar:/Users/nguyenhuynhquang2909/.m2/repository/io/netty/netty-transport/4.1.111.Final/netty-transport-4.1.111.Final.jar:/Users/nguyenhuynhquang2909/.m2/repository/io/projectreactor/reactor-core/3.6.7/reactor-core-3.6.7.jar:/Users/nguyenhuynhquang2909/.m2/repository/org/reactivestreams/reactive-streams/1.0.4/reactive-streams-1.0.4.jar:/Users/nguyenhuynhquang2909/.m2/repository/org/springframework/boot/spring-boot-starter-mail/3.3.1/spring-boot-starter-mail-3.3.1.jar:/Users/nguyenhuynhquang2909/.m2/repository/org/springframework/spring-context-support/6.1.10/spring-context-support-6.1.10.jar:/Users/nguyenhuynhquang2909/.m2/repository/org/eclipse/angus/jakarta.mail/2.0.3/jakarta.mail-2.0.3.jar:/Users/nguyenhuynhquang2909/.m2/repository/org/springframework/boot/spring-boot-starter-oauth2-client/3.3.1/spring-boot-starter-oauth2-client-3.3.1.jar:/Users/nguyenhuynhquang2909/.m2/repository/org/springframework/security/spring-security-config/6.3.1/spring-security-config-6.3.1.jar:/Users/nguyenhuynhquang2909/.m2/repository/org/springframework/security/spring-security-core/6.3.1/spring-security-core-6.3.1.jar:/Users/nguyenhuynhquang2909/.m2/repository/org/springframework/security/spring-security-crypto/6.3.1/spring-security-crypto-6.3.1.jar:/Users/nguyenhuynhquang2909/.m2/repository/org/springframework/security/spring-security-oauth2-client/6.3.1/spring-security-oauth2-client-6.3.1.jar:/Users/nguyenhuynhquang2909/.m2/repository/org/springframework/security/spring-security-oauth2-core/6.3.1/spring-security-oauth2-core-6.3.1.jar:/Users/nguyenhuynhquang2909/.m2/repository/com/nimbusds/oauth2-oidc-sdk/9.43.4/oauth2-oidc-sdk-9.43.4.jar:/Users/nguyenhuynhquang2909/.m2/repository/com/github/stephenc/jcip/jcip-annotations/1.0-1/jcip-annotations-1.0-1.jar:/Users/nguyenhuynhquang2909/.m2/repository/com/nimbusds/content-type/2.2/content-type-2.2.jar:/Users/nguyenhuynhquang2909/.m2/repository/com/nimbusds/lang-tag/1.7/lang-tag-1.7.jar:/Users/nguyenhuynhquang2909/.m2/repository/org/springframework/security/spring-security-oauth2-jose/6.3.1/spring-security-oauth2-jose-6.3.1.jar:/Users/nguyenhuynhquang2909/.m2/repository/com/nimbusds/nimbus-jose-jwt/9.37.3/nimbus-jose-jwt-9.37.3.jar:/Users/nguyenhuynhquang2909/.m2/repository/org/springframework/boot/spring-boot-starter-security/3.3.1/spring-boot-starter-security-3.3.1.jar:/Users/nguyenhuynhquang2909/.m2/repository/org/springframework/spring-aop/6.1.10/spring-aop-6.1.10.jar:/Users/nguyenhuynhquang2909/.m2/repository/org/springframework/security/spring-security-web/6.3.1/spring-security-web-6.3.1.jar:/Users/nguyenhuynhquang2909/.m2/repository/org/springframework/boot/spring-boot-starter-validation/3.3.1/spring-boot-starter-validation-3.3.1.jar:/Users/nguyenhuynhquang2909/.m2/repository/org/apache/tomcat/embed/tomcat-embed-el/10.1.25/tomcat-embed-el-10.1.25.jar:/Users/nguyenhuynhquang2909/.m2/repository/org/hibernate/validator/hibernate-validator/8.0.1.Final/hibernate-validator-8.0.1.Final.jar:/Users/nguyenhuynhquang2909/.m2/repository/jakarta/validation/jakarta.validation-api/3.0.2/jakarta.validation-api-3.0.2.jar:/Users/nguyenhuynhquang2909/.m2/repository/org/springframework/session/spring-session-data-redis/3.3.1/spring-session-data-redis-3.3.1.jar:/Users/nguyenhuynhquang2909/.m2/repository/org/springframework/session/spring-session-core/3.3.1/spring-session-core-3.3.1.jar:/Users/nguyenhuynhquang2909/.m2/repository/org/springframework/data/spring-data-redis/3.3.1/spring-data-redis-3.3.1.jar:/Users/nguyenhuynhquang2909/.m2/repository/org/springframework/data/spring-data-keyvalue/3.3.1/spring-data-keyvalue-3.3.1.jar:/Users/nguyenhuynhquang2909/.m2/repository/org/springframework/spring-tx/6.1.10/spring-tx-6.1.10.jar:/Users/nguyenhuynhquang2909/.m2/repository/org/springframework/spring-oxm/6.1.10/spring-oxm-6.1.10.jar:/Users/nguyenhuynhquang2909/.m2/repository/org/postgresql/postgresql/42.7.3/postgresql-42.7.3.jar:/Users/nguyenhuynhquang2909/.m2/repository/org/checkerframework/checker-qual/3.42.0/checker-qual-3.42.0.jar:/Users/nguyenhuynhquang2909/.m2/repository/org/springframework/security/spring-security-test/6.3.1/spring-security-test-6.3.1.jar:/Users/nguyenhuynhquang2909/.m2/repository/org/springframework/boot/spring-boot-starter-data-jpa/3.3.1/spring-boot-starter-data-jpa-3.3.1.jar:/Users/nguyenhuynhquang2909/.m2/repository/org/springframework/boot/spring-boot-starter-aop/3.3.1/spring-boot-starter-aop-3.3.1.jar:/Users/nguyenhuynhquang2909/.m2/repository/org/aspectj/aspectjweaver/1.9.22/aspectjweaver-1.9.22.jar:/Users/nguyenhuynhquang2909/.m2/repository/org/springframework/boot/spring-boot-starter-jdbc/3.3.1/spring-boot-starter-jdbc-3.3.1.jar:/Users/nguyenhuynhquang2909/.m2/repository/com/zaxxer/HikariCP/5.1.0/HikariCP-5.1.0.jar:/Users/nguyenhuynhquang2909/.m2/repository/org/springframework/spring-jdbc/6.1.10/spring-jdbc-6.1.10.jar:/Users/nguyenhuynhquang2909/.m2/repository/org/springframework/data/spring-data-jpa/3.3.1/spring-data-jpa-3.3.1.jar:/Users/nguyenhuynhquang2909/.m2/repository/org/springframework/data/spring-data-commons/3.3.1/spring-data-commons-3.3.1.jar:/Users/nguyenhuynhquang2909/.m2/repository/org/springframework/spring-orm/6.1.10/spring-orm-6.1.10.jar:/Users/nguyenhuynhquang2909/.m2/repository/org/springframework/spring-aspects/6.1.10/spring-aspects-6.1.10.jar:/Users/nguyenhuynhquang2909/.m2/repository/org/springdoc/springdoc-openapi-starter-webmvc-ui/2.6.0/springdoc-openapi-starter-webmvc-ui-2.6.0.jar:/Users/nguyenhuynhquang2909/.m2/repository/org/springdoc/springdoc-openapi-starter-webmvc-api/2.6.0/springdoc-openapi-starter-webmvc-api-2.6.0.jar:/Users/nguyenhuynhquang2909/.m2/repository/org/springdoc/springdoc-openapi-starter-common/2.6.0/springdoc-openapi-starter-common-2.6.0.jar:/Users/nguyenhuynhquang2909/.m2/repository/io/swagger/core/v3/swagger-core-jakarta/2.2.22/swagger-core-jakarta-2.2.22.jar:/Users/nguyenhuynhquang2909/.m2/repository/org/apache/commons/commons-lang3/3.14.0/commons-lang3-3.14.0.jar:/Users/nguyenhuynhquang2909/.m2/repository/io/swagger/core/v3/swagger-annotations-jakarta/2.2.22/swagger-annotations-jakarta-2.2.22.jar:/Users/nguyenhuynhquang2909/.m2/repository/io/swagger/core/v3/swagger-models-jakarta/2.2.22/swagger-models-jakarta-2.2.22.jar:/Users/nguyenhuynhquang2909/.m2/repository/com/fasterxml/jackson/dataformat/jackson-dataformat-yaml/2.17.1/jackson-dataformat-yaml-2.17.1.jar:/Users/nguyenhuynhquang2909/.m2/repository/org/webjars/swagger-ui/5.17.14/swagger-ui-5.17.14.jar:/Users/nguyenhuynhquang2909/.m2/repository/io/jsonwebtoken/jjwt-api/0.11.2/jjwt-api-0.11.2.jar:/Users/nguyenhuynhquang2909/.m2/repository/io/jsonwebtoken/jjwt-impl/0.11.2/jjwt-impl-0.11.2.jar:/Users/nguyenhuynhquang2909/.m2/repository/io/jsonwebtoken/jjwt-jackson/0.11.2/jjwt-jackson-0.11.2.jar:/Users/nguyenhuynhquang2909/.m2/repository/com/fasterxml/jackson/core/jackson-databind/2.17.1/jackson-databind-2.17.1.jar:/Users/nguyenhuynhquang2909/.m2/repository/com/fasterxml/jackson/core/jackson-annotations/2.17.1/jackson-annotations-2.17.1.jar:/Users/nguyenhuynhquang2909/.m2/repository/com/fasterxml/jackson/core/jackson-core/2.17.1/jackson-core-2.17.1.jar:"/>
    <property name="sun.cpu.endian" value="little"/>
    <property name="user.home" value="/Users/nguyenhuynhquang2909"/>
    <property name="user.language" value="en"/>
    <property name="java.specification.vendor" value="Oracle Corporation"/>
    <property name="java.version.date" value="2021-10-19"/>
    <property name="java.home" value="/Users/nguyenhuynhquang2909/.sdkman/candidates/java/17.0.1-open"/>
    <property name="file.separator" value="/"/>
    <property name="basedir" value="/Users/nguyenhuynhquang2909/Documents/gymhub-server"/>
    <property name="java.vm.compressedOopsMode" value="Zero based"/>
    <property name="line.separator" value="&#10;"/>
    <property name="java.vm.specification.vendor" value="Oracle Corporation"/>
    <property name="java.specification.name" value="Java Platform API Specification"/>
    <property name="FILE_LOG_CHARSET" value="UTF-8"/>
    <property name="java.awt.headless" value="true"/>
    <property name="surefire.real.class.path" value="/Users/nguyenhuynhquang2909/Documents/gymhub-server/target/surefire/surefirebooter-20240915162124169_3.jar"/>
    <property name="sun.management.compiler" value="HotSpot 64-Bit Tiered Compilers"/>
    <property name="ftp.nonProxyHosts" value="local|*.local|169.254/16|*.169.254/16"/>
    <property name="java.runtime.version" value="17.0.1+12-39"/>
    <property name="user.name" value="nguyenhuynhquang2909"/>
    <property name="path.separator" value=":"/>
    <property name="os.version" value="14.4.1"/>
    <property name="java.runtime.name" value="OpenJDK Runtime Environment"/>
    <property name="file.encoding" value="UTF-8"/>
    <property name="java.vm.name" value="OpenJDK 64-Bit Server VM"/>
    <property name="localRepository" value="/Users/nguyenhuynhquang2909/.m2/repository"/>
    <property name="java.vendor.url.bug" value="https://bugreport.java.com/bugreport/"/>
    <property name="java.io.tmpdir" value="/var/folders/pk/8rlgpdj91n758py0xr2qc01h0000gn/T/"/>
    <property name="com.zaxxer.hikari.pool_number" value="1"/>
    <property name="java.version" value="17.0.1"/>
    <property name="user.dir" value="/Users/nguyenhuynhquang2909/Documents/gymhub-server"/>
    <property name="os.arch" value="aarch64"/>
    <property name="java.vm.specification.name" value="Java Virtual Machine Specification"/>
    <property name="PID" value="325"/>
    <property name="CONSOLE_LOG_CHARSET" value="UTF-8"/>
    <property name="native.encoding" value="UTF-8"/>
    <property name="java.library.path" value="/Users/nguyenhuynhquang2909/Library/Java/Extensions:/Library/Java/Extensions:/Network/Library/Java/Extensions:/System/Library/Java/Extensions:/usr/lib/java:."/>
    <property name="java.vm.info" value="mixed mode, sharing"/>
    <property name="java.vendor" value="Oracle Corporation"/>
    <property name="java.vm.version" value="17.0.1+12-39"/>
    <property name="sun.io.unicode.encoding" value="UnicodeBig"/>
    <property name="socksNonProxyHosts" value="local|*.local|169.254/16|*.169.254/16"/>
    <property name="java.class.version" value="61.0"/>
    <property name="LOGGED_APPLICATION_NAME" value="[gymhub] "/>
  </properties>
  <testcase name="getTheadByOwnerId" classname="com.gymhub.gymhub.service.ThreadServiceTest" time="0.001">
    <system-out><![CDATA[type of author id : Long
]]></system-out>
    <system-err><![CDATA[No threads found for user ID: 1
]]></system-err>
  </testcase>
</testsuite>